[debug] [2026-03-06T12:24:47.181Z] [Firebase Plugin] Activating Firebase extension.
[debug] [2026-03-06T12:25:14.623Z] [Firebase Plugin] requireAuthWrapper
[debug] [2026-03-06T12:25:14.729Z] > command requires scopes: ["email","openid","https://www.googleapis.com/auth/cloudplatformprojects.readonly","https://www.googleapis.com/auth/firebase","https://www.googleapis.com/auth/cloud-platform"]
[debug] [2026-03-06T12:25:14.730Z] > authorizing via signed-in user (gurunadarao.reddy@gmail.com)
[debug] [2026-03-06T12:25:14.734Z] Checked if tokens are valid: true, expires at: 1772803183548
[debug] [2026-03-06T12:25:14.735Z] Checked if tokens are valid: true, expires at: 1772803183548
[debug] [2026-03-06T12:25:14.736Z] [Firebase Plugin] User found:  gurunadarao.reddy@gmail.com
[info] [Firebase Plugin] (Core:Project) New user detected, fetching projects
[debug] [2026-03-06T12:25:14.737Z] Checked if tokens are valid: true, expires at: 1772803183548
[debug] [2026-03-06T12:25:14.738Z] >>> [apiv2][query] GET https://firebase.googleapis.com/v1beta1/projects pageSize=1000
[debug] [2026-03-06T12:25:16.262Z] <<< [apiv2][status] GET https://firebase.googleapis.com/v1beta1/projects 200
[debug] [2026-03-06T12:25:16.262Z] <<< [apiv2][body] GET https://firebase.googleapis.com/v1beta1/projects [omitted]
[info] [Firebase Plugin] Starting Data Connect toolkit (version 3.1.4) on port 50001
[debug] [2026-03-06T12:25:31.489Z] 'fdc build' failed with error: Unable to build your Data Connect schema and connectors (exit code 1): E0306 17:55:31.485226    7360 cmd.go:43] Error loading data connect config: could not find dataconnect.yaml in `c:\Users\gurun\Documents\gdg-vitb\dataconnect`
 {"metadata":{"emulator":{"name":"dataconnect"},"message":"'fdc build' failed with error: Unable to build your Data Connect schema and connectors (exit code 1): E0306 17:55:31.485226    7360 cmd.go:43] Error loading data connect config: could not find dataconnect.yaml in `c:\\Users\\gurun\\Documents\\gdg-vitb\\dataconnect`\n"}}
[debug] [2026-03-06T12:25:31.490Z] Ignoring unsupported arg: auto_download {"metadata":{"emulator":{"name":"dataconnect"},"message":"Ignoring unsupported arg: auto_download"}}
[debug] [2026-03-06T12:25:31.491Z] Ignoring unsupported arg: port {"metadata":{"emulator":{"name":"dataconnect"},"message":"Ignoring unsupported arg: port"}}
[debug] [2026-03-06T12:25:31.491Z] Starting Data Connect Emulator with command {"binary":"C:\\Users\\gurun\\.cache\\firebase\\emulators\\dataconnect-emulator-3.1.4.exe","args":["--logtostderr","-v=2","dev","--listen=localhost:50001","--config_dir=c:\\Users\\gurun\\Documents\\gdg-vitb\\dataconnect","--enable_output_schema_extensions=true","--enable_output_generated_sdk=true"],"optionalArgs":["listen","config_dir","enable_output_schema_extensions","enable_output_generated_sdk"],"joinArgs":true,"shell":false,"port":9399} {"metadata":{"emulator":{"name":"dataconnect"},"message":"Starting Data Connect Emulator with command {\"binary\":\"C:\\\\Users\\\\gurun\\\\.cache\\\\firebase\\\\emulators\\\\dataconnect-emulator-3.1.4.exe\",\"args\":[\"--logtostderr\",\"-v=2\",\"dev\",\"--listen=localhost:50001\",\"--config_dir=c:\\\\Users\\\\gurun\\\\Documents\\\\gdg-vitb\\\\dataconnect\",\"--enable_output_schema_extensions=true\",\"--enable_output_generated_sdk=true\"],\"optionalArgs\":[\"listen\",\"config_dir\",\"enable_output_schema_extensions\",\"enable_output_generated_sdk\"],\"joinArgs\":true,\"shell\":false,\"port\":9399}"}}
[info] i  dataconnect: Data Connect Emulator logging to dataconnect-debug.log {"metadata":{"emulator":{"name":"dataconnect"},"message":"Data Connect Emulator logging to \u001b[1mdataconnect-debug.log\u001b[22m"}}
[debug] [2026-03-06T12:25:31.522Z] E0306 17:55:31.521092   40008 dev.go:83] Failed to load initial config from "c:\\Users\\gurun\\Documents\\gdg-vitb\\dataconnect": could not find dataconnect.yaml in `c:\Users\gurun\Documents\gdg-vitb\dataconnect`
 {"metadata":{"emulator":{"name":"dataconnect"},"message":"E0306 17:55:31.521092   40008 dev.go:83] Failed to load initial config from \"c:\\\\Users\\\\gurun\\\\Documents\\\\gdg-vitb\\\\dataconnect\": could not find dataconnect.yaml in `c:\\Users\\gurun\\Documents\\gdg-vitb\\dataconnect`\n"}}
[debug] [2026-03-06T12:25:31.522Z] E0306 17:55:31.521640   40008 watch.go:116] watchAllDir unable to walk dir `c:\Users\gurun\Documents\gdg-vitb\dataconnect`: CreateFile c:\Users\gurun\Documents\gdg-vitb\dataconnect: The system cannot find the file specified.
 {"metadata":{"emulator":{"name":"dataconnect"},"message":"E0306 17:55:31.521640   40008 watch.go:116] watchAllDir unable to walk dir `c:\\Users\\gurun\\Documents\\gdg-vitb\\dataconnect`: CreateFile c:\\Users\\gurun\\Documents\\gdg-vitb\\dataconnect: The system cannot find the file specified.\n"}}
[debug] [2026-03-06T12:25:31.531Z] I0306 17:55:31.530679   40008 dev.go:104] Listening on address (HTTP + gRPC): 127.0.0.1:50001
 {"metadata":{"emulator":{"name":"dataconnect"},"message":"I0306 17:55:31.530679   40008 dev.go:104] Listening on address (HTTP + gRPC): 127.0.0.1:50001\n"}}
[error] [Firebase Plugin] error:  {}
[debug] [2026-03-06T12:25:41.523Z] E0306 17:55:41.522986   40008 watch.go:40] Failed to load config from "c:\\Users\\gurun\\Documents\\gdg-vitb\\dataconnect": could not find dataconnect.yaml in `c:\Users\gurun\Documents\gdg-vitb\dataconnect`
 {"metadata":{"emulator":{"name":"dataconnect"},"message":"E0306 17:55:41.522986   40008 watch.go:40] Failed to load config from \"c:\\\\Users\\\\gurun\\\\Documents\\\\gdg-vitb\\\\dataconnect\": could not find dataconnect.yaml in `c:\\Users\\gurun\\Documents\\gdg-vitb\\dataconnect`\n"}}
[debug] [2026-03-06T12:25:51.523Z] E0306 17:55:51.523005   40008 watch.go:40] Failed to load config from "c:\\Users\\gurun\\Documents\\gdg-vitb\\dataconnect": could not find dataconnect.yaml in `c:\Users\gurun\Documents\gdg-vitb\dataconnect`
 {"metadata":{"emulator":{"name":"dataconnect"},"message":"E0306 17:55:51.523005   40008 watch.go:40] Failed to load config from \"c:\\\\Users\\\\gurun\\\\Documents\\\\gdg-vitb\\\\dataconnect\": could not find dataconnect.yaml in `c:\\Users\\gurun\\Documents\\gdg-vitb\\dataconnect`\n"}}
[debug] [2026-03-06T12:26:01.523Z] E0306 17:56:01.522878   40008 watch.go:40] Failed to load config from "c:\\Users\\gurun\\Documents\\gdg-vitb\\dataconnect": could not find dataconnect.yaml in `c:\Users\gurun\Documents\gdg-vitb\dataconnect`
 {"metadata":{"emulator":{"name":"dataconnect"},"message":"E0306 17:56:01.522878   40008 watch.go:40] Failed to load config from \"c:\\\\Users\\\\gurun\\\\Documents\\\\gdg-vitb\\\\dataconnect\": could not find dataconnect.yaml in `c:\\Users\\gurun\\Documents\\gdg-vitb\\dataconnect`\n"}}
[debug] [2026-03-06T12:26:11.523Z] E0306 17:56:11.522479   40008 watch.go:40] Failed to load config from "c:\\Users\\gurun\\Documents\\gdg-vitb\\dataconnect": could not find dataconnect.yaml in `c:\Users\gurun\Documents\gdg-vitb\dataconnect`
 {"metadata":{"emulator":{"name":"dataconnect"},"message":"E0306 17:56:11.522479   40008 watch.go:40] Failed to load config from \"c:\\\\Users\\\\gurun\\\\Documents\\\\gdg-vitb\\\\dataconnect\": could not find dataconnect.yaml in `c:\\Users\\gurun\\Documents\\gdg-vitb\\dataconnect`\n"}}
[debug] [2026-03-06T12:26:21.523Z] E0306 17:56:21.523476   40008 watch.go:40] Failed to load config from "c:\\Users\\gurun\\Documents\\gdg-vitb\\dataconnect": could not find dataconnect.yaml in `c:\Users\gurun\Documents\gdg-vitb\dataconnect`
 {"metadata":{"emulator":{"name":"dataconnect"},"message":"E0306 17:56:21.523476   40008 watch.go:40] Failed to load config from \"c:\\\\Users\\\\gurun\\\\Documents\\\\gdg-vitb\\\\dataconnect\": could not find dataconnect.yaml in `c:\\Users\\gurun\\Documents\\gdg-vitb\\dataconnect`\n"}}
[debug] [2026-03-06T12:26:31.522Z] E0306 17:56:31.522590   40008 watch.go:116] watchAllDir unable to walk dir `c:\Users\gurun\Documents\gdg-vitb\dataconnect`: CreateFile c:\Users\gurun\Documents\gdg-vitb\dataconnect: The system cannot find the file specified.
E0306 17:56:31.522590   40008 watch.go:40] Failed to load config from "c:\\Users\\gurun\\Documents\\gdg-vitb\\dataconnect": could not find dataconnect.yaml in `c:\Users\gurun\Documents\gdg-vitb\dataconnect`
 {"metadata":{"emulator":{"name":"dataconnect"},"message":"E0306 17:56:31.522590   40008 watch.go:116] watchAllDir unable to walk dir `c:\\Users\\gurun\\Documents\\gdg-vitb\\dataconnect`: CreateFile c:\\Users\\gurun\\Documents\\gdg-vitb\\dataconnect: The system cannot find the file specified.\nE0306 17:56:31.522590   40008 watch.go:40] Failed to load config from \"c:\\\\Users\\\\gurun\\\\Documents\\\\gdg-vitb\\\\dataconnect\": could not find dataconnect.yaml in `c:\\Users\\gurun\\Documents\\gdg-vitb\\dataconnect`\n"}}
[debug] [2026-03-06T12:26:41.522Z] E0306 17:56:41.522437   40008 watch.go:40] Failed to load config from "c:\\Users\\gurun\\Documents\\gdg-vitb\\dataconnect": could not find dataconnect.yaml in `c:\Users\gurun\Documents\gdg-vitb\dataconnect`
 {"metadata":{"emulator":{"name":"dataconnect"},"message":"E0306 17:56:41.522437   40008 watch.go:40] Failed to load config from \"c:\\\\Users\\\\gurun\\\\Documents\\\\gdg-vitb\\\\dataconnect\": could not find dataconnect.yaml in `c:\\Users\\gurun\\Documents\\gdg-vitb\\dataconnect`\n"}}
[debug] [2026-03-06T12:26:51.523Z] E0306 17:56:51.522941   40008 watch.go:40] Failed to load config from "c:\\Users\\gurun\\Documents\\gdg-vitb\\dataconnect": could not find dataconnect.yaml in `c:\Users\gurun\Documents\gdg-vitb\dataconnect`
 {"metadata":{"emulator":{"name":"dataconnect"},"message":"E0306 17:56:51.522941   40008 watch.go:40] Failed to load config from \"c:\\\\Users\\\\gurun\\\\Documents\\\\gdg-vitb\\\\dataconnect\": could not find dataconnect.yaml in `c:\\Users\\gurun\\Documents\\gdg-vitb\\dataconnect`\n"}}
[debug] [2026-03-06T12:27:01.524Z] E0306 17:57:01.524601   40008 watch.go:40] Failed to load config from "c:\\Users\\gurun\\Documents\\gdg-vitb\\dataconnect": could not find dataconnect.yaml in `c:\Users\gurun\Documents\gdg-vitb\dataconnect`
 {"metadata":{"emulator":{"name":"dataconnect"},"message":"E0306 17:57:01.524601   40008 watch.go:40] Failed to load config from \"c:\\\\Users\\\\gurun\\\\Documents\\\\gdg-vitb\\\\dataconnect\": could not find dataconnect.yaml in `c:\\Users\\gurun\\Documents\\gdg-vitb\\dataconnect`\n"}}
[debug] [2026-03-06T12:27:11.545Z] E0306 17:57:11.545529   40008 watch.go:40] Failed to load config from "c:\\Users\\gurun\\Documents\\gdg-vitb\\dataconnect": could not find dataconnect.yaml in `c:\Users\gurun\Documents\gdg-vitb\dataconnect`
 {"metadata":{"emulator":{"name":"dataconnect"},"message":"E0306 17:57:11.545529   40008 watch.go:40] Failed to load config from \"c:\\\\Users\\\\gurun\\\\Documents\\\\gdg-vitb\\\\dataconnect\": could not find dataconnect.yaml in `c:\\Users\\gurun\\Documents\\gdg-vitb\\dataconnect`\n"}}
[debug] [2026-03-06T12:27:21.546Z] E0306 17:57:21.546281   40008 watch.go:40] Failed to load config from "c:\\Users\\gurun\\Documents\\gdg-vitb\\dataconnect": could not find dataconnect.yaml in `c:\Users\gurun\Documents\gdg-vitb\dataconnect`
 {"metadata":{"emulator":{"name":"dataconnect"},"message":"E0306 17:57:21.546281   40008 watch.go:40] Failed to load config from \"c:\\\\Users\\\\gurun\\\\Documents\\\\gdg-vitb\\\\dataconnect\": could not find dataconnect.yaml in `c:\\Users\\gurun\\Documents\\gdg-vitb\\dataconnect`\n"}}
[debug] [2026-03-06T12:27:31.573Z] E0306 17:57:31.557238   40008 watch.go:116] watchAllDir unable to walk dir `c:\Users\gurun\Documents\gdg-vitb\dataconnect`: CreateFile c:\Users\gurun\Documents\gdg-vitb\dataconnect: The system cannot find the file specified.
E0306 17:57:31.558237   40008 watch.go:40] Failed to load config from "c:\\Users\\gurun\\Documents\\gdg-vitb\\dataconnect": could not find dataconnect.yaml in `c:\Users\gurun\Documents\gdg-vitb\dataconnect`
 {"metadata":{"emulator":{"name":"dataconnect"},"message":"E0306 17:57:31.557238   40008 watch.go:116] watchAllDir unable to walk dir `c:\\Users\\gurun\\Documents\\gdg-vitb\\dataconnect`: CreateFile c:\\Users\\gurun\\Documents\\gdg-vitb\\dataconnect: The system cannot find the file specified.\nE0306 17:57:31.558237   40008 watch.go:40] Failed to load config from \"c:\\\\Users\\\\gurun\\\\Documents\\\\gdg-vitb\\\\dataconnect\": could not find dataconnect.yaml in `c:\\Users\\gurun\\Documents\\gdg-vitb\\dataconnect`\n"}}
[debug] [2026-03-06T12:27:41.545Z] E0306 17:57:41.536921   40008 watch.go:40] Failed to load config from "c:\\Users\\gurun\\Documents\\gdg-vitb\\dataconnect": could not find dataconnect.yaml in `c:\Users\gurun\Documents\gdg-vitb\dataconnect`
 {"metadata":{"emulator":{"name":"dataconnect"},"message":"E0306 17:57:41.536921   40008 watch.go:40] Failed to load config from \"c:\\\\Users\\\\gurun\\\\Documents\\\\gdg-vitb\\\\dataconnect\": could not find dataconnect.yaml in `c:\\Users\\gurun\\Documents\\gdg-vitb\\dataconnect`\n"}}
[debug] [2026-03-06T12:27:52.300Z] E0306 17:57:51.545030   40008 watch.go:40] Failed to load config from "c:\\Users\\gurun\\Documents\\gdg-vitb\\dataconnect": could not find dataconnect.yaml in `c:\Users\gurun\Documents\gdg-vitb\dataconnect`
 {"metadata":{"emulator":{"name":"dataconnect"},"message":"E0306 17:57:51.545030   40008 watch.go:40] Failed to load config from \"c:\\\\Users\\\\gurun\\\\Documents\\\\gdg-vitb\\\\dataconnect\": could not find dataconnect.yaml in `c:\\Users\\gurun\\Documents\\gdg-vitb\\dataconnect`\n"}}
[debug] [2026-03-06T12:28:01.523Z] E0306 17:58:01.523696   40008 watch.go:40] Failed to load config from "c:\\Users\\gurun\\Documents\\gdg-vitb\\dataconnect": could not find dataconnect.yaml in `c:\Users\gurun\Documents\gdg-vitb\dataconnect`
 {"metadata":{"emulator":{"name":"dataconnect"},"message":"E0306 17:58:01.523696   40008 watch.go:40] Failed to load config from \"c:\\\\Users\\\\gurun\\\\Documents\\\\gdg-vitb\\\\dataconnect\": could not find dataconnect.yaml in `c:\\Users\\gurun\\Documents\\gdg-vitb\\dataconnect`\n"}}
[debug] [2026-03-06T12:28:11.522Z] E0306 17:58:11.522549   40008 watch.go:40] Failed to load config from "c:\\Users\\gurun\\Documents\\gdg-vitb\\dataconnect": could not find dataconnect.yaml in `c:\Users\gurun\Documents\gdg-vitb\dataconnect`
 {"metadata":{"emulator":{"name":"dataconnect"},"message":"E0306 17:58:11.522549   40008 watch.go:40] Failed to load config from \"c:\\\\Users\\\\gurun\\\\Documents\\\\gdg-vitb\\\\dataconnect\": could not find dataconnect.yaml in `c:\\Users\\gurun\\Documents\\gdg-vitb\\dataconnect`\n"}}
[debug] [2026-03-06T12:28:21.553Z] E0306 17:58:21.552998   40008 watch.go:40] Failed to load config from "c:\\Users\\gurun\\Documents\\gdg-vitb\\dataconnect": could not find dataconnect.yaml in `c:\Users\gurun\Documents\gdg-vitb\dataconnect`
 {"metadata":{"emulator":{"name":"dataconnect"},"message":"E0306 17:58:21.552998   40008 watch.go:40] Failed to load config from \"c:\\\\Users\\\\gurun\\\\Documents\\\\gdg-vitb\\\\dataconnect\": could not find dataconnect.yaml in `c:\\Users\\gurun\\Documents\\gdg-vitb\\dataconnect`\n"}}
[debug] [2026-03-06T12:28:31.522Z] E0306 17:58:31.522496   40008 watch.go:116] watchAllDir unable to walk dir `c:\Users\gurun\Documents\gdg-vitb\dataconnect`: CreateFile c:\Users\gurun\Documents\gdg-vitb\dataconnect: The system cannot find the file specified.
 {"metadata":{"emulator":{"name":"dataconnect"},"message":"E0306 17:58:31.522496   40008 watch.go:116] watchAllDir unable to walk dir `c:\\Users\\gurun\\Documents\\gdg-vitb\\dataconnect`: CreateFile c:\\Users\\gurun\\Documents\\gdg-vitb\\dataconnect: The system cannot find the file specified.\n"}}
[debug] [2026-03-06T12:28:31.522Z] E0306 17:58:31.522496   40008 watch.go:40] Failed to load config from "c:\\Users\\gurun\\Documents\\gdg-vitb\\dataconnect": could not find dataconnect.yaml in `c:\Users\gurun\Documents\gdg-vitb\dataconnect`
 {"metadata":{"emulator":{"name":"dataconnect"},"message":"E0306 17:58:31.522496   40008 watch.go:40] Failed to load config from \"c:\\\\Users\\\\gurun\\\\Documents\\\\gdg-vitb\\\\dataconnect\": could not find dataconnect.yaml in `c:\\Users\\gurun\\Documents\\gdg-vitb\\dataconnect`\n"}}
[debug] [2026-03-06T12:28:41.524Z] E0306 17:58:41.524502   40008 watch.go:40] Failed to load config from "c:\\Users\\gurun\\Documents\\gdg-vitb\\dataconnect": could not find dataconnect.yaml in `c:\Users\gurun\Documents\gdg-vitb\dataconnect`
 {"metadata":{"emulator":{"name":"dataconnect"},"message":"E0306 17:58:41.524502   40008 watch.go:40] Failed to load config from \"c:\\\\Users\\\\gurun\\\\Documents\\\\gdg-vitb\\\\dataconnect\": could not find dataconnect.yaml in `c:\\Users\\gurun\\Documents\\gdg-vitb\\dataconnect`\n"}}
[debug] [2026-03-06T12:28:51.523Z] E0306 17:58:51.523135   40008 watch.go:40] Failed to load config from "c:\\Users\\gurun\\Documents\\gdg-vitb\\dataconnect": could not find dataconnect.yaml in `c:\Users\gurun\Documents\gdg-vitb\dataconnect`
 {"metadata":{"emulator":{"name":"dataconnect"},"message":"E0306 17:58:51.523135   40008 watch.go:40] Failed to load config from \"c:\\\\Users\\\\gurun\\\\Documents\\\\gdg-vitb\\\\dataconnect\": could not find dataconnect.yaml in `c:\\Users\\gurun\\Documents\\gdg-vitb\\dataconnect`\n"}}
[debug] [2026-03-06T12:29:01.523Z] E0306 17:59:01.522695   40008 watch.go:40] Failed to load config from "c:\\Users\\gurun\\Documents\\gdg-vitb\\dataconnect": could not find dataconnect.yaml in `c:\Users\gurun\Documents\gdg-vitb\dataconnect`
 {"metadata":{"emulator":{"name":"dataconnect"},"message":"E0306 17:59:01.522695   40008 watch.go:40] Failed to load config from \"c:\\\\Users\\\\gurun\\\\Documents\\\\gdg-vitb\\\\dataconnect\": could not find dataconnect.yaml in `c:\\Users\\gurun\\Documents\\gdg-vitb\\dataconnect`\n"}}
[debug] [2026-03-06T12:29:11.528Z] E0306 17:59:11.528140   40008 watch.go:40] Failed to load config from "c:\\Users\\gurun\\Documents\\gdg-vitb\\dataconnect": could not find dataconnect.yaml in `c:\Users\gurun\Documents\gdg-vitb\dataconnect`
 {"metadata":{"emulator":{"name":"dataconnect"},"message":"E0306 17:59:11.528140   40008 watch.go:40] Failed to load config from \"c:\\\\Users\\\\gurun\\\\Documents\\\\gdg-vitb\\\\dataconnect\": could not find dataconnect.yaml in `c:\\Users\\gurun\\Documents\\gdg-vitb\\dataconnect`\n"}}
[debug] [2026-03-06T12:29:21.523Z] E0306 17:59:21.523018   40008 watch.go:40] Failed to load config from "c:\\Users\\gurun\\Documents\\gdg-vitb\\dataconnect": could not find dataconnect.yaml in `c:\Users\gurun\Documents\gdg-vitb\dataconnect`
 {"metadata":{"emulator":{"name":"dataconnect"},"message":"E0306 17:59:21.523018   40008 watch.go:40] Failed to load config from \"c:\\\\Users\\\\gurun\\\\Documents\\\\gdg-vitb\\\\dataconnect\": could not find dataconnect.yaml in `c:\\Users\\gurun\\Documents\\gdg-vitb\\dataconnect`\n"}}
[debug] [2026-03-06T12:29:31.523Z] E0306 17:59:31.522537   40008 watch.go:116] watchAllDir unable to walk dir `c:\Users\gurun\Documents\gdg-vitb\dataconnect`: CreateFile c:\Users\gurun\Documents\gdg-vitb\dataconnect: The system cannot find the file specified.
 {"metadata":{"emulator":{"name":"dataconnect"},"message":"E0306 17:59:31.522537   40008 watch.go:116] watchAllDir unable to walk dir `c:\\Users\\gurun\\Documents\\gdg-vitb\\dataconnect`: CreateFile c:\\Users\\gurun\\Documents\\gdg-vitb\\dataconnect: The system cannot find the file specified.\n"}}
[debug] [2026-03-06T12:29:31.524Z] E0306 17:59:31.523044   40008 watch.go:40] Failed to load config from "c:\\Users\\gurun\\Documents\\gdg-vitb\\dataconnect": could not find dataconnect.yaml in `c:\Users\gurun\Documents\gdg-vitb\dataconnect`
 {"metadata":{"emulator":{"name":"dataconnect"},"message":"E0306 17:59:31.523044   40008 watch.go:40] Failed to load config from \"c:\\\\Users\\\\gurun\\\\Documents\\\\gdg-vitb\\\\dataconnect\": could not find dataconnect.yaml in `c:\\Users\\gurun\\Documents\\gdg-vitb\\dataconnect`\n"}}
[debug] [2026-03-06T12:29:41.523Z] E0306 17:59:41.523658   40008 watch.go:40] Failed to load config from "c:\\Users\\gurun\\Documents\\gdg-vitb\\dataconnect": could not find dataconnect.yaml in `c:\Users\gurun\Documents\gdg-vitb\dataconnect`
 {"metadata":{"emulator":{"name":"dataconnect"},"message":"E0306 17:59:41.523658   40008 watch.go:40] Failed to load config from \"c:\\\\Users\\\\gurun\\\\Documents\\\\gdg-vitb\\\\dataconnect\": could not find dataconnect.yaml in `c:\\Users\\gurun\\Documents\\gdg-vitb\\dataconnect`\n"}}
[debug] [2026-03-06T12:29:51.528Z] E0306 17:59:51.528473   40008 watch.go:40] Failed to load config from "c:\\Users\\gurun\\Documents\\gdg-vitb\\dataconnect": could not find dataconnect.yaml in `c:\Users\gurun\Documents\gdg-vitb\dataconnect`
 {"metadata":{"emulator":{"name":"dataconnect"},"message":"E0306 17:59:51.528473   40008 watch.go:40] Failed to load config from \"c:\\\\Users\\\\gurun\\\\Documents\\\\gdg-vitb\\\\dataconnect\": could not find dataconnect.yaml in `c:\\Users\\gurun\\Documents\\gdg-vitb\\dataconnect`\n"}}
[debug] [2026-03-06T12:30:01.621Z] E0306 18:00:01.548706   40008 watch.go:40] Failed to load config from "c:\\Users\\gurun\\Documents\\gdg-vitb\\dataconnect": could not find dataconnect.yaml in `c:\Users\gurun\Documents\gdg-vitb\dataconnect`
 {"metadata":{"emulator":{"name":"dataconnect"},"message":"E0306 18:00:01.548706   40008 watch.go:40] Failed to load config from \"c:\\\\Users\\\\gurun\\\\Documents\\\\gdg-vitb\\\\dataconnect\": could not find dataconnect.yaml in `c:\\Users\\gurun\\Documents\\gdg-vitb\\dataconnect`\n"}}
[debug] [2026-03-06T12:30:11.522Z] E0306 18:00:11.522498   40008 watch.go:40] Failed to load config from "c:\\Users\\gurun\\Documents\\gdg-vitb\\dataconnect": could not find dataconnect.yaml in `c:\Users\gurun\Documents\gdg-vitb\dataconnect`
 {"metadata":{"emulator":{"name":"dataconnect"},"message":"E0306 18:00:11.522498   40008 watch.go:40] Failed to load config from \"c:\\\\Users\\\\gurun\\\\Documents\\\\gdg-vitb\\\\dataconnect\": could not find dataconnect.yaml in `c:\\Users\\gurun\\Documents\\gdg-vitb\\dataconnect`\n"}}
[debug] [2026-03-06T12:30:21.522Z] E0306 18:00:21.522768   40008 watch.go:40] Failed to load config from "c:\\Users\\gurun\\Documents\\gdg-vitb\\dataconnect": could not find dataconnect.yaml in `c:\Users\gurun\Documents\gdg-vitb\dataconnect`
 {"metadata":{"emulator":{"name":"dataconnect"},"message":"E0306 18:00:21.522768   40008 watch.go:40] Failed to load config from \"c:\\\\Users\\\\gurun\\\\Documents\\\\gdg-vitb\\\\dataconnect\": could not find dataconnect.yaml in `c:\\Users\\gurun\\Documents\\gdg-vitb\\dataconnect`\n"}}
[debug] [2026-03-06T12:30:31.533Z] E0306 18:00:31.532621   40008 watch.go:116] watchAllDir unable to walk dir `c:\Users\gurun\Documents\gdg-vitb\dataconnect`: CreateFile c:\Users\gurun\Documents\gdg-vitb\dataconnect: The system cannot find the file specified.
 {"metadata":{"emulator":{"name":"dataconnect"},"message":"E0306 18:00:31.532621   40008 watch.go:116] watchAllDir unable to walk dir `c:\\Users\\gurun\\Documents\\gdg-vitb\\dataconnect`: CreateFile c:\\Users\\gurun\\Documents\\gdg-vitb\\dataconnect: The system cannot find the file specified.\n"}}
[debug] [2026-03-06T12:30:31.535Z] E0306 18:00:31.534630   40008 watch.go:40] Failed to load config from "c:\\Users\\gurun\\Documents\\gdg-vitb\\dataconnect": could not find dataconnect.yaml in `c:\Users\gurun\Documents\gdg-vitb\dataconnect`
 {"metadata":{"emulator":{"name":"dataconnect"},"message":"E0306 18:00:31.534630   40008 watch.go:40] Failed to load config from \"c:\\\\Users\\\\gurun\\\\Documents\\\\gdg-vitb\\\\dataconnect\": could not find dataconnect.yaml in `c:\\Users\\gurun\\Documents\\gdg-vitb\\dataconnect`\n"}}
[debug] [2026-03-06T12:30:42.722Z] E0306 18:00:41.532832   40008 watch.go:40] Failed to load config from "c:\\Users\\gurun\\Documents\\gdg-vitb\\dataconnect": could not find dataconnect.yaml in `c:\Users\gurun\Documents\gdg-vitb\dataconnect`
 {"metadata":{"emulator":{"name":"dataconnect"},"message":"E0306 18:00:41.532832   40008 watch.go:40] Failed to load config from \"c:\\\\Users\\\\gurun\\\\Documents\\\\gdg-vitb\\\\dataconnect\": could not find dataconnect.yaml in `c:\\Users\\gurun\\Documents\\gdg-vitb\\dataconnect`\n"}}
[debug] [2026-03-06T12:30:51.523Z] E0306 18:00:51.523612   40008 watch.go:40] Failed to load config from "c:\\Users\\gurun\\Documents\\gdg-vitb\\dataconnect": could not find dataconnect.yaml in `c:\Users\gurun\Documents\gdg-vitb\dataconnect`
 {"metadata":{"emulator":{"name":"dataconnect"},"message":"E0306 18:00:51.523612   40008 watch.go:40] Failed to load config from \"c:\\\\Users\\\\gurun\\\\Documents\\\\gdg-vitb\\\\dataconnect\": could not find dataconnect.yaml in `c:\\Users\\gurun\\Documents\\gdg-vitb\\dataconnect`\n"}}
[debug] [2026-03-06T12:31:01.527Z] E0306 18:01:01.526973   40008 watch.go:40] Failed to load config from "c:\\Users\\gurun\\Documents\\gdg-vitb\\dataconnect": could not find dataconnect.yaml in `c:\Users\gurun\Documents\gdg-vitb\dataconnect`
 {"metadata":{"emulator":{"name":"dataconnect"},"message":"E0306 18:01:01.526973   40008 watch.go:40] Failed to load config from \"c:\\\\Users\\\\gurun\\\\Documents\\\\gdg-vitb\\\\dataconnect\": could not find dataconnect.yaml in `c:\\Users\\gurun\\Documents\\gdg-vitb\\dataconnect`\n"}}
[debug] [2026-03-06T12:31:11.523Z] E0306 18:01:11.523487   40008 watch.go:40] Failed to load config from "c:\\Users\\gurun\\Documents\\gdg-vitb\\dataconnect": could not find dataconnect.yaml in `c:\Users\gurun\Documents\gdg-vitb\dataconnect`
 {"metadata":{"emulator":{"name":"dataconnect"},"message":"E0306 18:01:11.523487   40008 watch.go:40] Failed to load config from \"c:\\\\Users\\\\gurun\\\\Documents\\\\gdg-vitb\\\\dataconnect\": could not find dataconnect.yaml in `c:\\Users\\gurun\\Documents\\gdg-vitb\\dataconnect`\n"}}
[debug] [2026-03-06T12:31:21.523Z] E0306 18:01:21.523185   40008 watch.go:40] Failed to load config from "c:\\Users\\gurun\\Documents\\gdg-vitb\\dataconnect": could not find dataconnect.yaml in `c:\Users\gurun\Documents\gdg-vitb\dataconnect`
 {"metadata":{"emulator":{"name":"dataconnect"},"message":"E0306 18:01:21.523185   40008 watch.go:40] Failed to load config from \"c:\\\\Users\\\\gurun\\\\Documents\\\\gdg-vitb\\\\dataconnect\": could not find dataconnect.yaml in `c:\\Users\\gurun\\Documents\\gdg-vitb\\dataconnect`\n"}}
[debug] [2026-03-06T12:31:31.528Z] E0306 18:01:31.527263   40008 watch.go:116] watchAllDir unable to walk dir `c:\Users\gurun\Documents\gdg-vitb\dataconnect`: CreateFile c:\Users\gurun\Documents\gdg-vitb\dataconnect: The system cannot find the file specified.
E0306 18:01:31.527771   40008 watch.go:40] Failed to load config from "c:\\Users\\gurun\\Documents\\gdg-vitb\\dataconnect": could not find dataconnect.yaml in `c:\Users\gurun\Documents\gdg-vitb\dataconnect`
 {"metadata":{"emulator":{"name":"dataconnect"},"message":"E0306 18:01:31.527263   40008 watch.go:116] watchAllDir unable to walk dir `c:\\Users\\gurun\\Documents\\gdg-vitb\\dataconnect`: CreateFile c:\\Users\\gurun\\Documents\\gdg-vitb\\dataconnect: The system cannot find the file specified.\nE0306 18:01:31.527771   40008 watch.go:40] Failed to load config from \"c:\\\\Users\\\\gurun\\\\Documents\\\\gdg-vitb\\\\dataconnect\": could not find dataconnect.yaml in `c:\\Users\\gurun\\Documents\\gdg-vitb\\dataconnect`\n"}}
[debug] [2026-03-06T12:31:41.536Z] E0306 18:01:41.536737   40008 watch.go:40] Failed to load config from "c:\\Users\\gurun\\Documents\\gdg-vitb\\dataconnect": could not find dataconnect.yaml in `c:\Users\gurun\Documents\gdg-vitb\dataconnect`
 {"metadata":{"emulator":{"name":"dataconnect"},"message":"E0306 18:01:41.536737   40008 watch.go:40] Failed to load config from \"c:\\\\Users\\\\gurun\\\\Documents\\\\gdg-vitb\\\\dataconnect\": could not find dataconnect.yaml in `c:\\Users\\gurun\\Documents\\gdg-vitb\\dataconnect`\n"}}
[debug] [2026-03-06T12:31:51.761Z] E0306 18:01:51.758396   40008 watch.go:40] Failed to load config from "c:\\Users\\gurun\\Documents\\gdg-vitb\\dataconnect": could not find dataconnect.yaml in `c:\Users\gurun\Documents\gdg-vitb\dataconnect`
 {"metadata":{"emulator":{"name":"dataconnect"},"message":"E0306 18:01:51.758396   40008 watch.go:40] Failed to load config from \"c:\\\\Users\\\\gurun\\\\Documents\\\\gdg-vitb\\\\dataconnect\": could not find dataconnect.yaml in `c:\\Users\\gurun\\Documents\\gdg-vitb\\dataconnect`\n"}}
[debug] [2026-03-06T12:32:01.525Z] E0306 18:02:01.524970   40008 watch.go:40] Failed to load config from "c:\\Users\\gurun\\Documents\\gdg-vitb\\dataconnect": could not find dataconnect.yaml in `c:\Users\gurun\Documents\gdg-vitb\dataconnect`
 {"metadata":{"emulator":{"name":"dataconnect"},"message":"E0306 18:02:01.524970   40008 watch.go:40] Failed to load config from \"c:\\\\Users\\\\gurun\\\\Documents\\\\gdg-vitb\\\\dataconnect\": could not find dataconnect.yaml in `c:\\Users\\gurun\\Documents\\gdg-vitb\\dataconnect`\n"}}
[debug] [2026-03-06T12:32:11.532Z] E0306 18:02:11.532705   40008 watch.go:40] Failed to load config from "c:\\Users\\gurun\\Documents\\gdg-vitb\\dataconnect": could not find dataconnect.yaml in `c:\Users\gurun\Documents\gdg-vitb\dataconnect`
 {"metadata":{"emulator":{"name":"dataconnect"},"message":"E0306 18:02:11.532705   40008 watch.go:40] Failed to load config from \"c:\\\\Users\\\\gurun\\\\Documents\\\\gdg-vitb\\\\dataconnect\": could not find dataconnect.yaml in `c:\\Users\\gurun\\Documents\\gdg-vitb\\dataconnect`\n"}}
[debug] [2026-03-06T12:32:21.522Z] E0306 18:02:21.523058   40008 watch.go:40] Failed to load config from "c:\\Users\\gurun\\Documents\\gdg-vitb\\dataconnect": could not find dataconnect.yaml in `c:\Users\gurun\Documents\gdg-vitb\dataconnect`
 {"metadata":{"emulator":{"name":"dataconnect"},"message":"E0306 18:02:21.523058   40008 watch.go:40] Failed to load config from \"c:\\\\Users\\\\gurun\\\\Documents\\\\gdg-vitb\\\\dataconnect\": could not find dataconnect.yaml in `c:\\Users\\gurun\\Documents\\gdg-vitb\\dataconnect`\n"}}
[debug] [2026-03-06T12:32:31.541Z] E0306 18:02:31.524500   40008 watch.go:116] watchAllDir unable to walk dir `c:\Users\gurun\Documents\gdg-vitb\dataconnect`: CreateFile c:\Users\gurun\Documents\gdg-vitb\dataconnect: The system cannot find the file specified.
E0306 18:02:31.525508   40008 watch.go:40] Failed to load config from "c:\\Users\\gurun\\Documents\\gdg-vitb\\dataconnect": could not find dataconnect.yaml in `c:\Users\gurun\Documents\gdg-vitb\dataconnect`
 {"metadata":{"emulator":{"name":"dataconnect"},"message":"E0306 18:02:31.524500   40008 watch.go:116] watchAllDir unable to walk dir `c:\\Users\\gurun\\Documents\\gdg-vitb\\dataconnect`: CreateFile c:\\Users\\gurun\\Documents\\gdg-vitb\\dataconnect: The system cannot find the file specified.\nE0306 18:02:31.525508   40008 watch.go:40] Failed to load config from \"c:\\\\Users\\\\gurun\\\\Documents\\\\gdg-vitb\\\\dataconnect\": could not find dataconnect.yaml in `c:\\Users\\gurun\\Documents\\gdg-vitb\\dataconnect`\n"}}
[debug] [2026-03-06T12:32:41.523Z] E0306 18:02:41.523005   40008 watch.go:40] Failed to load config from "c:\\Users\\gurun\\Documents\\gdg-vitb\\dataconnect": could not find dataconnect.yaml in `c:\Users\gurun\Documents\gdg-vitb\dataconnect`
 {"metadata":{"emulator":{"name":"dataconnect"},"message":"E0306 18:02:41.523005   40008 watch.go:40] Failed to load config from \"c:\\\\Users\\\\gurun\\\\Documents\\\\gdg-vitb\\\\dataconnect\": could not find dataconnect.yaml in `c:\\Users\\gurun\\Documents\\gdg-vitb\\dataconnect`\n"}}
[debug] [2026-03-06T12:32:51.522Z] E0306 18:02:51.522888   40008 watch.go:40] Failed to load config from "c:\\Users\\gurun\\Documents\\gdg-vitb\\dataconnect": could not find dataconnect.yaml in `c:\Users\gurun\Documents\gdg-vitb\dataconnect`
 {"metadata":{"emulator":{"name":"dataconnect"},"message":"E0306 18:02:51.522888   40008 watch.go:40] Failed to load config from \"c:\\\\Users\\\\gurun\\\\Documents\\\\gdg-vitb\\\\dataconnect\": could not find dataconnect.yaml in `c:\\Users\\gurun\\Documents\\gdg-vitb\\dataconnect`\n"}}
[debug] [2026-03-06T12:33:01.523Z] E0306 18:03:01.523315   40008 watch.go:40] Failed to load config from "c:\\Users\\gurun\\Documents\\gdg-vitb\\dataconnect": could not find dataconnect.yaml in `c:\Users\gurun\Documents\gdg-vitb\dataconnect`
 {"metadata":{"emulator":{"name":"dataconnect"},"message":"E0306 18:03:01.523315   40008 watch.go:40] Failed to load config from \"c:\\\\Users\\\\gurun\\\\Documents\\\\gdg-vitb\\\\dataconnect\": could not find dataconnect.yaml in `c:\\Users\\gurun\\Documents\\gdg-vitb\\dataconnect`\n"}}
[debug] [2026-03-06T12:33:11.526Z] E0306 18:03:11.526472   40008 watch.go:40] Failed to load config from "c:\\Users\\gurun\\Documents\\gdg-vitb\\dataconnect": could not find dataconnect.yaml in `c:\Users\gurun\Documents\gdg-vitb\dataconnect`
 {"metadata":{"emulator":{"name":"dataconnect"},"message":"E0306 18:03:11.526472   40008 watch.go:40] Failed to load config from \"c:\\\\Users\\\\gurun\\\\Documents\\\\gdg-vitb\\\\dataconnect\": could not find dataconnect.yaml in `c:\\Users\\gurun\\Documents\\gdg-vitb\\dataconnect`\n"}}
[debug] [2026-03-06T12:33:21.523Z] E0306 18:03:21.522876   40008 watch.go:40] Failed to load config from "c:\\Users\\gurun\\Documents\\gdg-vitb\\dataconnect": could not find dataconnect.yaml in `c:\Users\gurun\Documents\gdg-vitb\dataconnect`
 {"metadata":{"emulator":{"name":"dataconnect"},"message":"E0306 18:03:21.522876   40008 watch.go:40] Failed to load config from \"c:\\\\Users\\\\gurun\\\\Documents\\\\gdg-vitb\\\\dataconnect\": could not find dataconnect.yaml in `c:\\Users\\gurun\\Documents\\gdg-vitb\\dataconnect`\n"}}
[debug] [2026-03-06T12:33:31.522Z] E0306 18:03:31.522478   40008 watch.go:116] watchAllDir unable to walk dir `c:\Users\gurun\Documents\gdg-vitb\dataconnect`: CreateFile c:\Users\gurun\Documents\gdg-vitb\dataconnect: The system cannot find the file specified.
E0306 18:03:31.522478   40008 watch.go:40] Failed to load config from "c:\\Users\\gurun\\Documents\\gdg-vitb\\dataconnect": could not find dataconnect.yaml in `c:\Users\gurun\Documents\gdg-vitb\dataconnect`
 {"metadata":{"emulator":{"name":"dataconnect"},"message":"E0306 18:03:31.522478   40008 watch.go:116] watchAllDir unable to walk dir `c:\\Users\\gurun\\Documents\\gdg-vitb\\dataconnect`: CreateFile c:\\Users\\gurun\\Documents\\gdg-vitb\\dataconnect: The system cannot find the file specified.\nE0306 18:03:31.522478   40008 watch.go:40] Failed to load config from \"c:\\\\Users\\\\gurun\\\\Documents\\\\gdg-vitb\\\\dataconnect\": could not find dataconnect.yaml in `c:\\Users\\gurun\\Documents\\gdg-vitb\\dataconnect`\n"}}
[debug] [2026-03-06T12:33:41.523Z] E0306 18:03:41.522839   40008 watch.go:40] Failed to load config from "c:\\Users\\gurun\\Documents\\gdg-vitb\\dataconnect": could not find dataconnect.yaml in `c:\Users\gurun\Documents\gdg-vitb\dataconnect`
 {"metadata":{"emulator":{"name":"dataconnect"},"message":"E0306 18:03:41.522839   40008 watch.go:40] Failed to load config from \"c:\\\\Users\\\\gurun\\\\Documents\\\\gdg-vitb\\\\dataconnect\": could not find dataconnect.yaml in `c:\\Users\\gurun\\Documents\\gdg-vitb\\dataconnect`\n"}}
[debug] [2026-03-06T12:33:51.524Z] E0306 18:03:51.524473   40008 watch.go:40] Failed to load config from "c:\\Users\\gurun\\Documents\\gdg-vitb\\dataconnect": could not find dataconnect.yaml in `c:\Users\gurun\Documents\gdg-vitb\dataconnect`
 {"metadata":{"emulator":{"name":"dataconnect"},"message":"E0306 18:03:51.524473   40008 watch.go:40] Failed to load config from \"c:\\\\Users\\\\gurun\\\\Documents\\\\gdg-vitb\\\\dataconnect\": could not find dataconnect.yaml in `c:\\Users\\gurun\\Documents\\gdg-vitb\\dataconnect`\n"}}
[debug] [2026-03-06T12:34:01.523Z] E0306 18:04:01.523224   40008 watch.go:40] Failed to load config from "c:\\Users\\gurun\\Documents\\gdg-vitb\\dataconnect": could not find dataconnect.yaml in `c:\Users\gurun\Documents\gdg-vitb\dataconnect`
 {"metadata":{"emulator":{"name":"dataconnect"},"message":"E0306 18:04:01.523224   40008 watch.go:40] Failed to load config from \"c:\\\\Users\\\\gurun\\\\Documents\\\\gdg-vitb\\\\dataconnect\": could not find dataconnect.yaml in `c:\\Users\\gurun\\Documents\\gdg-vitb\\dataconnect`\n"}}
[debug] [2026-03-06T12:34:11.523Z] E0306 18:04:11.522760   40008 watch.go:40] Failed to load config from "c:\\Users\\gurun\\Documents\\gdg-vitb\\dataconnect": could not find dataconnect.yaml in `c:\Users\gurun\Documents\gdg-vitb\dataconnect`
 {"metadata":{"emulator":{"name":"dataconnect"},"message":"E0306 18:04:11.522760   40008 watch.go:40] Failed to load config from \"c:\\\\Users\\\\gurun\\\\Documents\\\\gdg-vitb\\\\dataconnect\": could not find dataconnect.yaml in `c:\\Users\\gurun\\Documents\\gdg-vitb\\dataconnect`\n"}}
[debug] [2026-03-06T12:34:21.522Z] E0306 18:04:21.523130   40008 watch.go:40] Failed to load config from "c:\\Users\\gurun\\Documents\\gdg-vitb\\dataconnect": could not find dataconnect.yaml in `c:\Users\gurun\Documents\gdg-vitb\dataconnect`
 {"metadata":{"emulator":{"name":"dataconnect"},"message":"E0306 18:04:21.523130   40008 watch.go:40] Failed to load config from \"c:\\\\Users\\\\gurun\\\\Documents\\\\gdg-vitb\\\\dataconnect\": could not find dataconnect.yaml in `c:\\Users\\gurun\\Documents\\gdg-vitb\\dataconnect`\n"}}
[debug] [2026-03-06T12:34:31.522Z] E0306 18:04:31.522797   40008 watch.go:116] watchAllDir unable to walk dir `c:\Users\gurun\Documents\gdg-vitb\dataconnect`: CreateFile c:\Users\gurun\Documents\gdg-vitb\dataconnect: The system cannot find the file specified.
 {"metadata":{"emulator":{"name":"dataconnect"},"message":"E0306 18:04:31.522797   40008 watch.go:116] watchAllDir unable to walk dir `c:\\Users\\gurun\\Documents\\gdg-vitb\\dataconnect`: CreateFile c:\\Users\\gurun\\Documents\\gdg-vitb\\dataconnect: The system cannot find the file specified.\n"}}
[debug] [2026-03-06T12:34:31.523Z] E0306 18:04:31.523386   40008 watch.go:40] Failed to load config from "c:\\Users\\gurun\\Documents\\gdg-vitb\\dataconnect": could not find dataconnect.yaml in `c:\Users\gurun\Documents\gdg-vitb\dataconnect`
 {"metadata":{"emulator":{"name":"dataconnect"},"message":"E0306 18:04:31.523386   40008 watch.go:40] Failed to load config from \"c:\\\\Users\\\\gurun\\\\Documents\\\\gdg-vitb\\\\dataconnect\": could not find dataconnect.yaml in `c:\\Users\\gurun\\Documents\\gdg-vitb\\dataconnect`\n"}}
[debug] [2026-03-06T12:34:41.527Z] E0306 18:04:41.527532   40008 watch.go:40] Failed to load config from "c:\\Users\\gurun\\Documents\\gdg-vitb\\dataconnect": could not find dataconnect.yaml in `c:\Users\gurun\Documents\gdg-vitb\dataconnect`
 {"metadata":{"emulator":{"name":"dataconnect"},"message":"E0306 18:04:41.527532   40008 watch.go:40] Failed to load config from \"c:\\\\Users\\\\gurun\\\\Documents\\\\gdg-vitb\\\\dataconnect\": could not find dataconnect.yaml in `c:\\Users\\gurun\\Documents\\gdg-vitb\\dataconnect`\n"}}
[debug] [2026-03-06T12:34:51.539Z] E0306 18:04:51.539622   40008 watch.go:40] Failed to load config from "c:\\Users\\gurun\\Documents\\gdg-vitb\\dataconnect": could not find dataconnect.yaml in `c:\Users\gurun\Documents\gdg-vitb\dataconnect`
 {"metadata":{"emulator":{"name":"dataconnect"},"message":"E0306 18:04:51.539622   40008 watch.go:40] Failed to load config from \"c:\\\\Users\\\\gurun\\\\Documents\\\\gdg-vitb\\\\dataconnect\": could not find dataconnect.yaml in `c:\\Users\\gurun\\Documents\\gdg-vitb\\dataconnect`\n"}}
[debug] [2026-03-06T12:35:01.523Z] E0306 18:05:01.522462   40008 watch.go:40] Failed to load config from "c:\\Users\\gurun\\Documents\\gdg-vitb\\dataconnect": could not find dataconnect.yaml in `c:\Users\gurun\Documents\gdg-vitb\dataconnect`
 {"metadata":{"emulator":{"name":"dataconnect"},"message":"E0306 18:05:01.522462   40008 watch.go:40] Failed to load config from \"c:\\\\Users\\\\gurun\\\\Documents\\\\gdg-vitb\\\\dataconnect\": could not find dataconnect.yaml in `c:\\Users\\gurun\\Documents\\gdg-vitb\\dataconnect`\n"}}
[debug] [2026-03-06T12:35:11.523Z] E0306 18:05:11.522285   40008 watch.go:40] Failed to load config from "c:\\Users\\gurun\\Documents\\gdg-vitb\\dataconnect": could not find dataconnect.yaml in `c:\Users\gurun\Documents\gdg-vitb\dataconnect`
 {"metadata":{"emulator":{"name":"dataconnect"},"message":"E0306 18:05:11.522285   40008 watch.go:40] Failed to load config from \"c:\\\\Users\\\\gurun\\\\Documents\\\\gdg-vitb\\\\dataconnect\": could not find dataconnect.yaml in `c:\\Users\\gurun\\Documents\\gdg-vitb\\dataconnect`\n"}}
[debug] [2026-03-06T12:35:21.524Z] E0306 18:05:21.524881   40008 watch.go:40] Failed to load config from "c:\\Users\\gurun\\Documents\\gdg-vitb\\dataconnect": could not find dataconnect.yaml in `c:\Users\gurun\Documents\gdg-vitb\dataconnect`
 {"metadata":{"emulator":{"name":"dataconnect"},"message":"E0306 18:05:21.524881   40008 watch.go:40] Failed to load config from \"c:\\\\Users\\\\gurun\\\\Documents\\\\gdg-vitb\\\\dataconnect\": could not find dataconnect.yaml in `c:\\Users\\gurun\\Documents\\gdg-vitb\\dataconnect`\n"}}
[debug] [2026-03-06T12:35:31.528Z] E0306 18:05:31.523108   40008 watch.go:116] watchAllDir unable to walk dir `c:\Users\gurun\Documents\gdg-vitb\dataconnect`: CreateFile c:\Users\gurun\Documents\gdg-vitb\dataconnect: The system cannot find the file specified.
E0306 18:05:31.523108   40008 watch.go:40] Failed to load config from "c:\\Users\\gurun\\Documents\\gdg-vitb\\dataconnect": could not find dataconnect.yaml in `c:\Users\gurun\Documents\gdg-vitb\dataconnect`
 {"metadata":{"emulator":{"name":"dataconnect"},"message":"E0306 18:05:31.523108   40008 watch.go:116] watchAllDir unable to walk dir `c:\\Users\\gurun\\Documents\\gdg-vitb\\dataconnect`: CreateFile c:\\Users\\gurun\\Documents\\gdg-vitb\\dataconnect: The system cannot find the file specified.\nE0306 18:05:31.523108   40008 watch.go:40] Failed to load config from \"c:\\\\Users\\\\gurun\\\\Documents\\\\gdg-vitb\\\\dataconnect\": could not find dataconnect.yaml in `c:\\Users\\gurun\\Documents\\gdg-vitb\\dataconnect`\n"}}
[debug] [2026-03-06T12:35:41.523Z] E0306 18:05:41.522889   40008 watch.go:40] Failed to load config from "c:\\Users\\gurun\\Documents\\gdg-vitb\\dataconnect": could not find dataconnect.yaml in `c:\Users\gurun\Documents\gdg-vitb\dataconnect`
 {"metadata":{"emulator":{"name":"dataconnect"},"message":"E0306 18:05:41.522889   40008 watch.go:40] Failed to load config from \"c:\\\\Users\\\\gurun\\\\Documents\\\\gdg-vitb\\\\dataconnect\": could not find dataconnect.yaml in `c:\\Users\\gurun\\Documents\\gdg-vitb\\dataconnect`\n"}}
[debug] [2026-03-06T12:35:51.523Z] E0306 18:05:51.522630   40008 watch.go:40] Failed to load config from "c:\\Users\\gurun\\Documents\\gdg-vitb\\dataconnect": could not find dataconnect.yaml in `c:\Users\gurun\Documents\gdg-vitb\dataconnect`
 {"metadata":{"emulator":{"name":"dataconnect"},"message":"E0306 18:05:51.522630   40008 watch.go:40] Failed to load config from \"c:\\\\Users\\\\gurun\\\\Documents\\\\gdg-vitb\\\\dataconnect\": could not find dataconnect.yaml in `c:\\Users\\gurun\\Documents\\gdg-vitb\\dataconnect`\n"}}
[debug] [2026-03-06T12:36:01.524Z] E0306 18:06:01.523686   40008 watch.go:40] Failed to load config from "c:\\Users\\gurun\\Documents\\gdg-vitb\\dataconnect": could not find dataconnect.yaml in `c:\Users\gurun\Documents\gdg-vitb\dataconnect`
 {"metadata":{"emulator":{"name":"dataconnect"},"message":"E0306 18:06:01.523686   40008 watch.go:40] Failed to load config from \"c:\\\\Users\\\\gurun\\\\Documents\\\\gdg-vitb\\\\dataconnect\": could not find dataconnect.yaml in `c:\\Users\\gurun\\Documents\\gdg-vitb\\dataconnect`\n"}}
[debug] [2026-03-06T12:36:11.524Z] E0306 18:06:11.523516   40008 watch.go:40] Failed to load config from "c:\\Users\\gurun\\Documents\\gdg-vitb\\dataconnect": could not find dataconnect.yaml in `c:\Users\gurun\Documents\gdg-vitb\dataconnect`
 {"metadata":{"emulator":{"name":"dataconnect"},"message":"E0306 18:06:11.523516   40008 watch.go:40] Failed to load config from \"c:\\\\Users\\\\gurun\\\\Documents\\\\gdg-vitb\\\\dataconnect\": could not find dataconnect.yaml in `c:\\Users\\gurun\\Documents\\gdg-vitb\\dataconnect`\n"}}
[debug] [2026-03-06T12:36:21.524Z] E0306 18:06:21.523592   40008 watch.go:40] Failed to load config from "c:\\Users\\gurun\\Documents\\gdg-vitb\\dataconnect": could not find dataconnect.yaml in `c:\Users\gurun\Documents\gdg-vitb\dataconnect`
 {"metadata":{"emulator":{"name":"dataconnect"},"message":"E0306 18:06:21.523592   40008 watch.go:40] Failed to load config from \"c:\\\\Users\\\\gurun\\\\Documents\\\\gdg-vitb\\\\dataconnect\": could not find dataconnect.yaml in `c:\\Users\\gurun\\Documents\\gdg-vitb\\dataconnect`\n"}}
[debug] [2026-03-06T12:36:31.524Z] E0306 18:06:31.522871   40008 watch.go:40] Failed to load config from "c:\\Users\\gurun\\Documents\\gdg-vitb\\dataconnect": could not find dataconnect.yaml in `c:\Users\gurun\Documents\gdg-vitb\dataconnect`
 {"metadata":{"emulator":{"name":"dataconnect"},"message":"E0306 18:06:31.522871   40008 watch.go:40] Failed to load config from \"c:\\\\Users\\\\gurun\\\\Documents\\\\gdg-vitb\\\\dataconnect\": could not find dataconnect.yaml in `c:\\Users\\gurun\\Documents\\gdg-vitb\\dataconnect`\n"}}
[debug] [2026-03-06T12:36:31.526Z] E0306 18:06:31.522871   40008 watch.go:116] watchAllDir unable to walk dir `c:\Users\gurun\Documents\gdg-vitb\dataconnect`: CreateFile c:\Users\gurun\Documents\gdg-vitb\dataconnect: The system cannot find the file specified.
 {"metadata":{"emulator":{"name":"dataconnect"},"message":"E0306 18:06:31.522871   40008 watch.go:116] watchAllDir unable to walk dir `c:\\Users\\gurun\\Documents\\gdg-vitb\\dataconnect`: CreateFile c:\\Users\\gurun\\Documents\\gdg-vitb\\dataconnect: The system cannot find the file specified.\n"}}
[debug] [2026-03-06T12:36:41.523Z] E0306 18:06:41.523723   40008 watch.go:40] Failed to load config from "c:\\Users\\gurun\\Documents\\gdg-vitb\\dataconnect": could not find dataconnect.yaml in `c:\Users\gurun\Documents\gdg-vitb\dataconnect`
 {"metadata":{"emulator":{"name":"dataconnect"},"message":"E0306 18:06:41.523723   40008 watch.go:40] Failed to load config from \"c:\\\\Users\\\\gurun\\\\Documents\\\\gdg-vitb\\\\dataconnect\": could not find dataconnect.yaml in `c:\\Users\\gurun\\Documents\\gdg-vitb\\dataconnect`\n"}}
[debug] [2026-03-06T12:36:51.523Z] E0306 18:06:51.523051   40008 watch.go:40] Failed to load config from "c:\\Users\\gurun\\Documents\\gdg-vitb\\dataconnect": could not find dataconnect.yaml in `c:\Users\gurun\Documents\gdg-vitb\dataconnect`
 {"metadata":{"emulator":{"name":"dataconnect"},"message":"E0306 18:06:51.523051   40008 watch.go:40] Failed to load config from \"c:\\\\Users\\\\gurun\\\\Documents\\\\gdg-vitb\\\\dataconnect\": could not find dataconnect.yaml in `c:\\Users\\gurun\\Documents\\gdg-vitb\\dataconnect`\n"}}
[debug] [2026-03-06T12:37:01.523Z] E0306 18:07:01.522646   40008 watch.go:40] Failed to load config from "c:\\Users\\gurun\\Documents\\gdg-vitb\\dataconnect": could not find dataconnect.yaml in `c:\Users\gurun\Documents\gdg-vitb\dataconnect`
 {"metadata":{"emulator":{"name":"dataconnect"},"message":"E0306 18:07:01.522646   40008 watch.go:40] Failed to load config from \"c:\\\\Users\\\\gurun\\\\Documents\\\\gdg-vitb\\\\dataconnect\": could not find dataconnect.yaml in `c:\\Users\\gurun\\Documents\\gdg-vitb\\dataconnect`\n"}}
[debug] [2026-03-06T12:37:11.522Z] E0306 18:07:11.522607   40008 watch.go:40] Failed to load config from "c:\\Users\\gurun\\Documents\\gdg-vitb\\dataconnect": could not find dataconnect.yaml in `c:\Users\gurun\Documents\gdg-vitb\dataconnect`
 {"metadata":{"emulator":{"name":"dataconnect"},"message":"E0306 18:07:11.522607   40008 watch.go:40] Failed to load config from \"c:\\\\Users\\\\gurun\\\\Documents\\\\gdg-vitb\\\\dataconnect\": could not find dataconnect.yaml in `c:\\Users\\gurun\\Documents\\gdg-vitb\\dataconnect`\n"}}
[debug] [2026-03-06T12:37:21.533Z] E0306 18:07:21.533323   40008 watch.go:40] Failed to load config from "c:\\Users\\gurun\\Documents\\gdg-vitb\\dataconnect": could not find dataconnect.yaml in `c:\Users\gurun\Documents\gdg-vitb\dataconnect`
 {"metadata":{"emulator":{"name":"dataconnect"},"message":"E0306 18:07:21.533323   40008 watch.go:40] Failed to load config from \"c:\\\\Users\\\\gurun\\\\Documents\\\\gdg-vitb\\\\dataconnect\": could not find dataconnect.yaml in `c:\\Users\\gurun\\Documents\\gdg-vitb\\dataconnect`\n"}}
[debug] [2026-03-06T12:37:31.522Z] E0306 18:07:31.522631   40008 watch.go:116] watchAllDir unable to walk dir `c:\Users\gurun\Documents\gdg-vitb\dataconnect`: CreateFile c:\Users\gurun\Documents\gdg-vitb\dataconnect: The system cannot find the file specified.
 {"metadata":{"emulator":{"name":"dataconnect"},"message":"E0306 18:07:31.522631   40008 watch.go:116] watchAllDir unable to walk dir `c:\\Users\\gurun\\Documents\\gdg-vitb\\dataconnect`: CreateFile c:\\Users\\gurun\\Documents\\gdg-vitb\\dataconnect: The system cannot find the file specified.\n"}}
[debug] [2026-03-06T12:37:31.523Z] E0306 18:07:31.522631   40008 watch.go:40] Failed to load config from "c:\\Users\\gurun\\Documents\\gdg-vitb\\dataconnect": could not find dataconnect.yaml in `c:\Users\gurun\Documents\gdg-vitb\dataconnect`
 {"metadata":{"emulator":{"name":"dataconnect"},"message":"E0306 18:07:31.522631   40008 watch.go:40] Failed to load config from \"c:\\\\Users\\\\gurun\\\\Documents\\\\gdg-vitb\\\\dataconnect\": could not find dataconnect.yaml in `c:\\Users\\gurun\\Documents\\gdg-vitb\\dataconnect`\n"}}
[debug] [2026-03-06T12:37:41.523Z] E0306 18:07:41.523820   40008 watch.go:40] Failed to load config from "c:\\Users\\gurun\\Documents\\gdg-vitb\\dataconnect": could not find dataconnect.yaml in `c:\Users\gurun\Documents\gdg-vitb\dataconnect`
 {"metadata":{"emulator":{"name":"dataconnect"},"message":"E0306 18:07:41.523820   40008 watch.go:40] Failed to load config from \"c:\\\\Users\\\\gurun\\\\Documents\\\\gdg-vitb\\\\dataconnect\": could not find dataconnect.yaml in `c:\\Users\\gurun\\Documents\\gdg-vitb\\dataconnect`\n"}}
[debug] [2026-03-06T12:37:51.523Z] E0306 18:07:51.523615   40008 watch.go:40] Failed to load config from "c:\\Users\\gurun\\Documents\\gdg-vitb\\dataconnect": could not find dataconnect.yaml in `c:\Users\gurun\Documents\gdg-vitb\dataconnect`
 {"metadata":{"emulator":{"name":"dataconnect"},"message":"E0306 18:07:51.523615   40008 watch.go:40] Failed to load config from \"c:\\\\Users\\\\gurun\\\\Documents\\\\gdg-vitb\\\\dataconnect\": could not find dataconnect.yaml in `c:\\Users\\gurun\\Documents\\gdg-vitb\\dataconnect`\n"}}
[debug] [2026-03-06T12:38:01.522Z] E0306 18:08:01.523097   40008 watch.go:40] Failed to load config from "c:\\Users\\gurun\\Documents\\gdg-vitb\\dataconnect": could not find dataconnect.yaml in `c:\Users\gurun\Documents\gdg-vitb\dataconnect`
 {"metadata":{"emulator":{"name":"dataconnect"},"message":"E0306 18:08:01.523097   40008 watch.go:40] Failed to load config from \"c:\\\\Users\\\\gurun\\\\Documents\\\\gdg-vitb\\\\dataconnect\": could not find dataconnect.yaml in `c:\\Users\\gurun\\Documents\\gdg-vitb\\dataconnect`\n"}}
[debug] [2026-03-06T12:38:11.525Z] E0306 18:08:11.525716   40008 watch.go:40] Failed to load config from "c:\\Users\\gurun\\Documents\\gdg-vitb\\dataconnect": could not find dataconnect.yaml in `c:\Users\gurun\Documents\gdg-vitb\dataconnect`
 {"metadata":{"emulator":{"name":"dataconnect"},"message":"E0306 18:08:11.525716   40008 watch.go:40] Failed to load config from \"c:\\\\Users\\\\gurun\\\\Documents\\\\gdg-vitb\\\\dataconnect\": could not find dataconnect.yaml in `c:\\Users\\gurun\\Documents\\gdg-vitb\\dataconnect`\n"}}
[debug] [2026-03-06T12:38:21.522Z] E0306 18:08:21.523071   40008 watch.go:40] Failed to load config from "c:\\Users\\gurun\\Documents\\gdg-vitb\\dataconnect": could not find dataconnect.yaml in `c:\Users\gurun\Documents\gdg-vitb\dataconnect`
 {"metadata":{"emulator":{"name":"dataconnect"},"message":"E0306 18:08:21.523071   40008 watch.go:40] Failed to load config from \"c:\\\\Users\\\\gurun\\\\Documents\\\\gdg-vitb\\\\dataconnect\": could not find dataconnect.yaml in `c:\\Users\\gurun\\Documents\\gdg-vitb\\dataconnect`\n"}}
[debug] [2026-03-06T12:38:31.525Z] E0306 18:08:31.524545   40008 watch.go:116] watchAllDir unable to walk dir `c:\Users\gurun\Documents\gdg-vitb\dataconnect`: CreateFile c:\Users\gurun\Documents\gdg-vitb\dataconnect: The system cannot find the file specified.
E0306 18:08:31.525558   40008 watch.go:40] Failed to load config from "c:\\Users\\gurun\\Documents\\gdg-vitb\\dataconnect": could not find dataconnect.yaml in `c:\Users\gurun\Documents\gdg-vitb\dataconnect`
 {"metadata":{"emulator":{"name":"dataconnect"},"message":"E0306 18:08:31.524545   40008 watch.go:116] watchAllDir unable to walk dir `c:\\Users\\gurun\\Documents\\gdg-vitb\\dataconnect`: CreateFile c:\\Users\\gurun\\Documents\\gdg-vitb\\dataconnect: The system cannot find the file specified.\nE0306 18:08:31.525558   40008 watch.go:40] Failed to load config from \"c:\\\\Users\\\\gurun\\\\Documents\\\\gdg-vitb\\\\dataconnect\": could not find dataconnect.yaml in `c:\\Users\\gurun\\Documents\\gdg-vitb\\dataconnect`\n"}}
[debug] [2026-03-06T12:38:41.523Z] E0306 18:08:41.522973   40008 watch.go:40] Failed to load config from "c:\\Users\\gurun\\Documents\\gdg-vitb\\dataconnect": could not find dataconnect.yaml in `c:\Users\gurun\Documents\gdg-vitb\dataconnect`
 {"metadata":{"emulator":{"name":"dataconnect"},"message":"E0306 18:08:41.522973   40008 watch.go:40] Failed to load config from \"c:\\\\Users\\\\gurun\\\\Documents\\\\gdg-vitb\\\\dataconnect\": could not find dataconnect.yaml in `c:\\Users\\gurun\\Documents\\gdg-vitb\\dataconnect`\n"}}
[debug] [2026-03-06T12:38:51.523Z] E0306 18:08:51.523650   40008 watch.go:40] Failed to load config from "c:\\Users\\gurun\\Documents\\gdg-vitb\\dataconnect": could not find dataconnect.yaml in `c:\Users\gurun\Documents\gdg-vitb\dataconnect`
 {"metadata":{"emulator":{"name":"dataconnect"},"message":"E0306 18:08:51.523650   40008 watch.go:40] Failed to load config from \"c:\\\\Users\\\\gurun\\\\Documents\\\\gdg-vitb\\\\dataconnect\": could not find dataconnect.yaml in `c:\\Users\\gurun\\Documents\\gdg-vitb\\dataconnect`\n"}}
[debug] [2026-03-06T12:39:01.522Z] E0306 18:09:01.522428   40008 watch.go:40] Failed to load config from "c:\\Users\\gurun\\Documents\\gdg-vitb\\dataconnect": could not find dataconnect.yaml in `c:\Users\gurun\Documents\gdg-vitb\dataconnect`
 {"metadata":{"emulator":{"name":"dataconnect"},"message":"E0306 18:09:01.522428   40008 watch.go:40] Failed to load config from \"c:\\\\Users\\\\gurun\\\\Documents\\\\gdg-vitb\\\\dataconnect\": could not find dataconnect.yaml in `c:\\Users\\gurun\\Documents\\gdg-vitb\\dataconnect`\n"}}
[debug] [2026-03-06T12:39:11.522Z] E0306 18:09:11.522431   40008 watch.go:40] Failed to load config from "c:\\Users\\gurun\\Documents\\gdg-vitb\\dataconnect": could not find dataconnect.yaml in `c:\Users\gurun\Documents\gdg-vitb\dataconnect`
 {"metadata":{"emulator":{"name":"dataconnect"},"message":"E0306 18:09:11.522431   40008 watch.go:40] Failed to load config from \"c:\\\\Users\\\\gurun\\\\Documents\\\\gdg-vitb\\\\dataconnect\": could not find dataconnect.yaml in `c:\\Users\\gurun\\Documents\\gdg-vitb\\dataconnect`\n"}}
[debug] [2026-03-06T12:39:21.534Z] E0306 18:09:21.533223   40008 watch.go:40] Failed to load config from "c:\\Users\\gurun\\Documents\\gdg-vitb\\dataconnect": could not find dataconnect.yaml in `c:\Users\gurun\Documents\gdg-vitb\dataconnect`
 {"metadata":{"emulator":{"name":"dataconnect"},"message":"E0306 18:09:21.533223   40008 watch.go:40] Failed to load config from \"c:\\\\Users\\\\gurun\\\\Documents\\\\gdg-vitb\\\\dataconnect\": could not find dataconnect.yaml in `c:\\Users\\gurun\\Documents\\gdg-vitb\\dataconnect`\n"}}
[debug] [2026-03-06T12:39:31.534Z] E0306 18:09:31.522468   40008 watch.go:116] watchAllDir unable to walk dir `c:\Users\gurun\Documents\gdg-vitb\dataconnect`: CreateFile c:\Users\gurun\Documents\gdg-vitb\dataconnect: The system cannot find the file specified.
E0306 18:09:31.522468   40008 watch.go:40] Failed to load config from "c:\\Users\\gurun\\Documents\\gdg-vitb\\dataconnect": could not find dataconnect.yaml in `c:\Users\gurun\Documents\gdg-vitb\dataconnect`
 {"metadata":{"emulator":{"name":"dataconnect"},"message":"E0306 18:09:31.522468   40008 watch.go:116] watchAllDir unable to walk dir `c:\\Users\\gurun\\Documents\\gdg-vitb\\dataconnect`: CreateFile c:\\Users\\gurun\\Documents\\gdg-vitb\\dataconnect: The system cannot find the file specified.\nE0306 18:09:31.522468   40008 watch.go:40] Failed to load config from \"c:\\\\Users\\\\gurun\\\\Documents\\\\gdg-vitb\\\\dataconnect\": could not find dataconnect.yaml in `c:\\Users\\gurun\\Documents\\gdg-vitb\\dataconnect`\n"}}
[debug] [2026-03-06T12:39:41.523Z] E0306 18:09:41.523048   40008 watch.go:40] Failed to load config from "c:\\Users\\gurun\\Documents\\gdg-vitb\\dataconnect": could not find dataconnect.yaml in `c:\Users\gurun\Documents\gdg-vitb\dataconnect`
 {"metadata":{"emulator":{"name":"dataconnect"},"message":"E0306 18:09:41.523048   40008 watch.go:40] Failed to load config from \"c:\\\\Users\\\\gurun\\\\Documents\\\\gdg-vitb\\\\dataconnect\": could not find dataconnect.yaml in `c:\\Users\\gurun\\Documents\\gdg-vitb\\dataconnect`\n"}}
[debug] [2026-03-06T12:39:51.522Z] E0306 18:09:51.522479   40008 watch.go:40] Failed to load config from "c:\\Users\\gurun\\Documents\\gdg-vitb\\dataconnect": could not find dataconnect.yaml in `c:\Users\gurun\Documents\gdg-vitb\dataconnect`
 {"metadata":{"emulator":{"name":"dataconnect"},"message":"E0306 18:09:51.522479   40008 watch.go:40] Failed to load config from \"c:\\\\Users\\\\gurun\\\\Documents\\\\gdg-vitb\\\\dataconnect\": could not find dataconnect.yaml in `c:\\Users\\gurun\\Documents\\gdg-vitb\\dataconnect`\n"}}
[debug] [2026-03-06T12:40:01.523Z] E0306 18:10:01.523065   40008 watch.go:40] Failed to load config from "c:\\Users\\gurun\\Documents\\gdg-vitb\\dataconnect": could not find dataconnect.yaml in `c:\Users\gurun\Documents\gdg-vitb\dataconnect`
 {"metadata":{"emulator":{"name":"dataconnect"},"message":"E0306 18:10:01.523065   40008 watch.go:40] Failed to load config from \"c:\\\\Users\\\\gurun\\\\Documents\\\\gdg-vitb\\\\dataconnect\": could not find dataconnect.yaml in `c:\\Users\\gurun\\Documents\\gdg-vitb\\dataconnect`\n"}}
[debug] [2026-03-06T12:40:11.523Z] E0306 18:10:11.523496   40008 watch.go:40] Failed to load config from "c:\\Users\\gurun\\Documents\\gdg-vitb\\dataconnect": could not find dataconnect.yaml in `c:\Users\gurun\Documents\gdg-vitb\dataconnect`
 {"metadata":{"emulator":{"name":"dataconnect"},"message":"E0306 18:10:11.523496   40008 watch.go:40] Failed to load config from \"c:\\\\Users\\\\gurun\\\\Documents\\\\gdg-vitb\\\\dataconnect\": could not find dataconnect.yaml in `c:\\Users\\gurun\\Documents\\gdg-vitb\\dataconnect`\n"}}
[debug] [2026-03-06T12:40:21.528Z] E0306 18:10:21.528312   40008 watch.go:40] Failed to load config from "c:\\Users\\gurun\\Documents\\gdg-vitb\\dataconnect": could not find dataconnect.yaml in `c:\Users\gurun\Documents\gdg-vitb\dataconnect`
 {"metadata":{"emulator":{"name":"dataconnect"},"message":"E0306 18:10:21.528312   40008 watch.go:40] Failed to load config from \"c:\\\\Users\\\\gurun\\\\Documents\\\\gdg-vitb\\\\dataconnect\": could not find dataconnect.yaml in `c:\\Users\\gurun\\Documents\\gdg-vitb\\dataconnect`\n"}}
[debug] [2026-03-06T12:40:31.523Z] E0306 18:10:31.522731   40008 watch.go:116] watchAllDir unable to walk dir `c:\Users\gurun\Documents\gdg-vitb\dataconnect`: CreateFile c:\Users\gurun\Documents\gdg-vitb\dataconnect: The system cannot find the file specified.
 {"metadata":{"emulator":{"name":"dataconnect"},"message":"E0306 18:10:31.522731   40008 watch.go:116] watchAllDir unable to walk dir `c:\\Users\\gurun\\Documents\\gdg-vitb\\dataconnect`: CreateFile c:\\Users\\gurun\\Documents\\gdg-vitb\\dataconnect: The system cannot find the file specified.\n"}}
[debug] [2026-03-06T12:40:31.524Z] E0306 18:10:31.523347   40008 watch.go:40] Failed to load config from "c:\\Users\\gurun\\Documents\\gdg-vitb\\dataconnect": could not find dataconnect.yaml in `c:\Users\gurun\Documents\gdg-vitb\dataconnect`
 {"metadata":{"emulator":{"name":"dataconnect"},"message":"E0306 18:10:31.523347   40008 watch.go:40] Failed to load config from \"c:\\\\Users\\\\gurun\\\\Documents\\\\gdg-vitb\\\\dataconnect\": could not find dataconnect.yaml in `c:\\Users\\gurun\\Documents\\gdg-vitb\\dataconnect`\n"}}
[debug] [2026-03-06T12:40:41.583Z] E0306 18:10:41.574422   40008 watch.go:40] Failed to load config from "c:\\Users\\gurun\\Documents\\gdg-vitb\\dataconnect": could not find dataconnect.yaml in `c:\Users\gurun\Documents\gdg-vitb\dataconnect`
 {"metadata":{"emulator":{"name":"dataconnect"},"message":"E0306 18:10:41.574422   40008 watch.go:40] Failed to load config from \"c:\\\\Users\\\\gurun\\\\Documents\\\\gdg-vitb\\\\dataconnect\": could not find dataconnect.yaml in `c:\\Users\\gurun\\Documents\\gdg-vitb\\dataconnect`\n"}}
[debug] [2026-03-06T12:40:51.573Z] E0306 18:10:51.559500   40008 watch.go:40] Failed to load config from "c:\\Users\\gurun\\Documents\\gdg-vitb\\dataconnect": could not find dataconnect.yaml in `c:\Users\gurun\Documents\gdg-vitb\dataconnect`
 {"metadata":{"emulator":{"name":"dataconnect"},"message":"E0306 18:10:51.559500   40008 watch.go:40] Failed to load config from \"c:\\\\Users\\\\gurun\\\\Documents\\\\gdg-vitb\\\\dataconnect\": could not find dataconnect.yaml in `c:\\Users\\gurun\\Documents\\gdg-vitb\\dataconnect`\n"}}
[debug] [2026-03-06T12:41:01.523Z] E0306 18:11:01.522433   40008 watch.go:40] Failed to load config from "c:\\Users\\gurun\\Documents\\gdg-vitb\\dataconnect": could not find dataconnect.yaml in `c:\Users\gurun\Documents\gdg-vitb\dataconnect`
 {"metadata":{"emulator":{"name":"dataconnect"},"message":"E0306 18:11:01.522433   40008 watch.go:40] Failed to load config from \"c:\\\\Users\\\\gurun\\\\Documents\\\\gdg-vitb\\\\dataconnect\": could not find dataconnect.yaml in `c:\\Users\\gurun\\Documents\\gdg-vitb\\dataconnect`\n"}}
[debug] [2026-03-06T12:41:11.523Z] E0306 18:11:11.522444   40008 watch.go:40] Failed to load config from "c:\\Users\\gurun\\Documents\\gdg-vitb\\dataconnect": could not find dataconnect.yaml in `c:\Users\gurun\Documents\gdg-vitb\dataconnect`
 {"metadata":{"emulator":{"name":"dataconnect"},"message":"E0306 18:11:11.522444   40008 watch.go:40] Failed to load config from \"c:\\\\Users\\\\gurun\\\\Documents\\\\gdg-vitb\\\\dataconnect\": could not find dataconnect.yaml in `c:\\Users\\gurun\\Documents\\gdg-vitb\\dataconnect`\n"}}
[debug] [2026-03-06T12:41:21.523Z] E0306 18:11:21.522756   40008 watch.go:40] Failed to load config from "c:\\Users\\gurun\\Documents\\gdg-vitb\\dataconnect": could not find dataconnect.yaml in `c:\Users\gurun\Documents\gdg-vitb\dataconnect`
 {"metadata":{"emulator":{"name":"dataconnect"},"message":"E0306 18:11:21.522756   40008 watch.go:40] Failed to load config from \"c:\\\\Users\\\\gurun\\\\Documents\\\\gdg-vitb\\\\dataconnect\": could not find dataconnect.yaml in `c:\\Users\\gurun\\Documents\\gdg-vitb\\dataconnect`\n"}}
[debug] [2026-03-06T12:41:31.523Z] E0306 18:11:31.523054   40008 watch.go:116] watchAllDir unable to walk dir `c:\Users\gurun\Documents\gdg-vitb\dataconnect`: CreateFile c:\Users\gurun\Documents\gdg-vitb\dataconnect: The system cannot find the file specified.
 {"metadata":{"emulator":{"name":"dataconnect"},"message":"E0306 18:11:31.523054   40008 watch.go:116] watchAllDir unable to walk dir `c:\\Users\\gurun\\Documents\\gdg-vitb\\dataconnect`: CreateFile c:\\Users\\gurun\\Documents\\gdg-vitb\\dataconnect: The system cannot find the file specified.\n"}}
[debug] [2026-03-06T12:41:31.526Z] E0306 18:11:31.523570   40008 watch.go:40] Failed to load config from "c:\\Users\\gurun\\Documents\\gdg-vitb\\dataconnect": could not find dataconnect.yaml in `c:\Users\gurun\Documents\gdg-vitb\dataconnect`
 {"metadata":{"emulator":{"name":"dataconnect"},"message":"E0306 18:11:31.523570   40008 watch.go:40] Failed to load config from \"c:\\\\Users\\\\gurun\\\\Documents\\\\gdg-vitb\\\\dataconnect\": could not find dataconnect.yaml in `c:\\Users\\gurun\\Documents\\gdg-vitb\\dataconnect`\n"}}
[debug] [2026-03-06T12:41:41.524Z] E0306 18:11:41.523478   40008 watch.go:40] Failed to load config from "c:\\Users\\gurun\\Documents\\gdg-vitb\\dataconnect": could not find dataconnect.yaml in `c:\Users\gurun\Documents\gdg-vitb\dataconnect`
 {"metadata":{"emulator":{"name":"dataconnect"},"message":"E0306 18:11:41.523478   40008 watch.go:40] Failed to load config from \"c:\\\\Users\\\\gurun\\\\Documents\\\\gdg-vitb\\\\dataconnect\": could not find dataconnect.yaml in `c:\\Users\\gurun\\Documents\\gdg-vitb\\dataconnect`\n"}}
[debug] [2026-03-06T12:41:51.523Z] E0306 18:11:51.523007   40008 watch.go:40] Failed to load config from "c:\\Users\\gurun\\Documents\\gdg-vitb\\dataconnect": could not find dataconnect.yaml in `c:\Users\gurun\Documents\gdg-vitb\dataconnect`
 {"metadata":{"emulator":{"name":"dataconnect"},"message":"E0306 18:11:51.523007   40008 watch.go:40] Failed to load config from \"c:\\\\Users\\\\gurun\\\\Documents\\\\gdg-vitb\\\\dataconnect\": could not find dataconnect.yaml in `c:\\Users\\gurun\\Documents\\gdg-vitb\\dataconnect`\n"}}
[debug] [2026-03-06T12:42:01.523Z] E0306 18:12:01.522950   40008 watch.go:40] Failed to load config from "c:\\Users\\gurun\\Documents\\gdg-vitb\\dataconnect": could not find dataconnect.yaml in `c:\Users\gurun\Documents\gdg-vitb\dataconnect`
 {"metadata":{"emulator":{"name":"dataconnect"},"message":"E0306 18:12:01.522950   40008 watch.go:40] Failed to load config from \"c:\\\\Users\\\\gurun\\\\Documents\\\\gdg-vitb\\\\dataconnect\": could not find dataconnect.yaml in `c:\\Users\\gurun\\Documents\\gdg-vitb\\dataconnect`\n"}}
[debug] [2026-03-06T12:42:11.523Z] E0306 18:12:11.522854   40008 watch.go:40] Failed to load config from "c:\\Users\\gurun\\Documents\\gdg-vitb\\dataconnect": could not find dataconnect.yaml in `c:\Users\gurun\Documents\gdg-vitb\dataconnect`
 {"metadata":{"emulator":{"name":"dataconnect"},"message":"E0306 18:12:11.522854   40008 watch.go:40] Failed to load config from \"c:\\\\Users\\\\gurun\\\\Documents\\\\gdg-vitb\\\\dataconnect\": could not find dataconnect.yaml in `c:\\Users\\gurun\\Documents\\gdg-vitb\\dataconnect`\n"}}
[debug] [2026-03-06T12:42:21.523Z] E0306 18:12:21.523464   40008 watch.go:40] Failed to load config from "c:\\Users\\gurun\\Documents\\gdg-vitb\\dataconnect": could not find dataconnect.yaml in `c:\Users\gurun\Documents\gdg-vitb\dataconnect`
 {"metadata":{"emulator":{"name":"dataconnect"},"message":"E0306 18:12:21.523464   40008 watch.go:40] Failed to load config from \"c:\\\\Users\\\\gurun\\\\Documents\\\\gdg-vitb\\\\dataconnect\": could not find dataconnect.yaml in `c:\\Users\\gurun\\Documents\\gdg-vitb\\dataconnect`\n"}}
[debug] [2026-03-06T12:42:31.522Z] E0306 18:12:31.522160   40008 watch.go:40] Failed to load config from "c:\\Users\\gurun\\Documents\\gdg-vitb\\dataconnect": could not find dataconnect.yaml in `c:\Users\gurun\Documents\gdg-vitb\dataconnect`
E0306 18:12:31.522160   40008 watch.go:116] watchAllDir unable to walk dir `c:\Users\gurun\Documents\gdg-vitb\dataconnect`: CreateFile c:\Users\gurun\Documents\gdg-vitb\dataconnect: The system cannot find the file specified.
 {"metadata":{"emulator":{"name":"dataconnect"},"message":"E0306 18:12:31.522160   40008 watch.go:40] Failed to load config from \"c:\\\\Users\\\\gurun\\\\Documents\\\\gdg-vitb\\\\dataconnect\": could not find dataconnect.yaml in `c:\\Users\\gurun\\Documents\\gdg-vitb\\dataconnect`\nE0306 18:12:31.522160   40008 watch.go:116] watchAllDir unable to walk dir `c:\\Users\\gurun\\Documents\\gdg-vitb\\dataconnect`: CreateFile c:\\Users\\gurun\\Documents\\gdg-vitb\\dataconnect: The system cannot find the file specified.\n"}}
[debug] [2026-03-06T12:42:41.523Z] E0306 18:12:41.523501   40008 watch.go:40] Failed to load config from "c:\\Users\\gurun\\Documents\\gdg-vitb\\dataconnect": could not find dataconnect.yaml in `c:\Users\gurun\Documents\gdg-vitb\dataconnect`
 {"metadata":{"emulator":{"name":"dataconnect"},"message":"E0306 18:12:41.523501   40008 watch.go:40] Failed to load config from \"c:\\\\Users\\\\gurun\\\\Documents\\\\gdg-vitb\\\\dataconnect\": could not find dataconnect.yaml in `c:\\Users\\gurun\\Documents\\gdg-vitb\\dataconnect`\n"}}
[debug] [2026-03-06T12:42:51.523Z] E0306 18:12:51.523225   40008 watch.go:40] Failed to load config from "c:\\Users\\gurun\\Documents\\gdg-vitb\\dataconnect": could not find dataconnect.yaml in `c:\Users\gurun\Documents\gdg-vitb\dataconnect`
 {"metadata":{"emulator":{"name":"dataconnect"},"message":"E0306 18:12:51.523225   40008 watch.go:40] Failed to load config from \"c:\\\\Users\\\\gurun\\\\Documents\\\\gdg-vitb\\\\dataconnect\": could not find dataconnect.yaml in `c:\\Users\\gurun\\Documents\\gdg-vitb\\dataconnect`\n"}}
[debug] [2026-03-06T12:43:01.523Z] E0306 18:13:01.523287   40008 watch.go:40] Failed to load config from "c:\\Users\\gurun\\Documents\\gdg-vitb\\dataconnect": could not find dataconnect.yaml in `c:\Users\gurun\Documents\gdg-vitb\dataconnect`
 {"metadata":{"emulator":{"name":"dataconnect"},"message":"E0306 18:13:01.523287   40008 watch.go:40] Failed to load config from \"c:\\\\Users\\\\gurun\\\\Documents\\\\gdg-vitb\\\\dataconnect\": could not find dataconnect.yaml in `c:\\Users\\gurun\\Documents\\gdg-vitb\\dataconnect`\n"}}
[debug] [2026-03-06T12:43:11.524Z] E0306 18:13:11.524369   40008 watch.go:40] Failed to load config from "c:\\Users\\gurun\\Documents\\gdg-vitb\\dataconnect": could not find dataconnect.yaml in `c:\Users\gurun\Documents\gdg-vitb\dataconnect`
 {"metadata":{"emulator":{"name":"dataconnect"},"message":"E0306 18:13:11.524369   40008 watch.go:40] Failed to load config from \"c:\\\\Users\\\\gurun\\\\Documents\\\\gdg-vitb\\\\dataconnect\": could not find dataconnect.yaml in `c:\\Users\\gurun\\Documents\\gdg-vitb\\dataconnect`\n"}}
[debug] [2026-03-06T12:43:21.524Z] E0306 18:13:21.523707   40008 watch.go:40] Failed to load config from "c:\\Users\\gurun\\Documents\\gdg-vitb\\dataconnect": could not find dataconnect.yaml in `c:\Users\gurun\Documents\gdg-vitb\dataconnect`
 {"metadata":{"emulator":{"name":"dataconnect"},"message":"E0306 18:13:21.523707   40008 watch.go:40] Failed to load config from \"c:\\\\Users\\\\gurun\\\\Documents\\\\gdg-vitb\\\\dataconnect\": could not find dataconnect.yaml in `c:\\Users\\gurun\\Documents\\gdg-vitb\\dataconnect`\n"}}
[debug] [2026-03-06T12:43:31.525Z] E0306 18:13:31.525401   40008 watch.go:116] watchAllDir unable to walk dir `c:\Users\gurun\Documents\gdg-vitb\dataconnect`: CreateFile c:\Users\gurun\Documents\gdg-vitb\dataconnect: The system cannot find the file specified.
 {"metadata":{"emulator":{"name":"dataconnect"},"message":"E0306 18:13:31.525401   40008 watch.go:116] watchAllDir unable to walk dir `c:\\Users\\gurun\\Documents\\gdg-vitb\\dataconnect`: CreateFile c:\\Users\\gurun\\Documents\\gdg-vitb\\dataconnect: The system cannot find the file specified.\n"}}
[debug] [2026-03-06T12:43:31.529Z] E0306 18:13:31.528955   40008 watch.go:40] Failed to load config from "c:\\Users\\gurun\\Documents\\gdg-vitb\\dataconnect": could not find dataconnect.yaml in `c:\Users\gurun\Documents\gdg-vitb\dataconnect`
 {"metadata":{"emulator":{"name":"dataconnect"},"message":"E0306 18:13:31.528955   40008 watch.go:40] Failed to load config from \"c:\\\\Users\\\\gurun\\\\Documents\\\\gdg-vitb\\\\dataconnect\": could not find dataconnect.yaml in `c:\\Users\\gurun\\Documents\\gdg-vitb\\dataconnect`\n"}}
[debug] [2026-03-06T12:43:41.523Z] E0306 18:13:41.522899   40008 watch.go:40] Failed to load config from "c:\\Users\\gurun\\Documents\\gdg-vitb\\dataconnect": could not find dataconnect.yaml in `c:\Users\gurun\Documents\gdg-vitb\dataconnect`
 {"metadata":{"emulator":{"name":"dataconnect"},"message":"E0306 18:13:41.522899   40008 watch.go:40] Failed to load config from \"c:\\\\Users\\\\gurun\\\\Documents\\\\gdg-vitb\\\\dataconnect\": could not find dataconnect.yaml in `c:\\Users\\gurun\\Documents\\gdg-vitb\\dataconnect`\n"}}
[debug] [2026-03-06T12:43:51.525Z] E0306 18:13:51.524823   40008 watch.go:40] Failed to load config from "c:\\Users\\gurun\\Documents\\gdg-vitb\\dataconnect": could not find dataconnect.yaml in `c:\Users\gurun\Documents\gdg-vitb\dataconnect`
 {"metadata":{"emulator":{"name":"dataconnect"},"message":"E0306 18:13:51.524823   40008 watch.go:40] Failed to load config from \"c:\\\\Users\\\\gurun\\\\Documents\\\\gdg-vitb\\\\dataconnect\": could not find dataconnect.yaml in `c:\\Users\\gurun\\Documents\\gdg-vitb\\dataconnect`\n"}}
[debug] [2026-03-06T12:44:01.524Z] E0306 18:14:01.523114   40008 watch.go:40] Failed to load config from "c:\\Users\\gurun\\Documents\\gdg-vitb\\dataconnect": could not find dataconnect.yaml in `c:\Users\gurun\Documents\gdg-vitb\dataconnect`
 {"metadata":{"emulator":{"name":"dataconnect"},"message":"E0306 18:14:01.523114   40008 watch.go:40] Failed to load config from \"c:\\\\Users\\\\gurun\\\\Documents\\\\gdg-vitb\\\\dataconnect\": could not find dataconnect.yaml in `c:\\Users\\gurun\\Documents\\gdg-vitb\\dataconnect`\n"}}
[debug] [2026-03-06T12:44:11.523Z] E0306 18:14:11.523108   40008 watch.go:40] Failed to load config from "c:\\Users\\gurun\\Documents\\gdg-vitb\\dataconnect": could not find dataconnect.yaml in `c:\Users\gurun\Documents\gdg-vitb\dataconnect`
 {"metadata":{"emulator":{"name":"dataconnect"},"message":"E0306 18:14:11.523108   40008 watch.go:40] Failed to load config from \"c:\\\\Users\\\\gurun\\\\Documents\\\\gdg-vitb\\\\dataconnect\": could not find dataconnect.yaml in `c:\\Users\\gurun\\Documents\\gdg-vitb\\dataconnect`\n"}}
[debug] [2026-03-06T12:44:21.523Z] E0306 18:14:21.522895   40008 watch.go:40] Failed to load config from "c:\\Users\\gurun\\Documents\\gdg-vitb\\dataconnect": could not find dataconnect.yaml in `c:\Users\gurun\Documents\gdg-vitb\dataconnect`
 {"metadata":{"emulator":{"name":"dataconnect"},"message":"E0306 18:14:21.522895   40008 watch.go:40] Failed to load config from \"c:\\\\Users\\\\gurun\\\\Documents\\\\gdg-vitb\\\\dataconnect\": could not find dataconnect.yaml in `c:\\Users\\gurun\\Documents\\gdg-vitb\\dataconnect`\n"}}
[debug] [2026-03-06T12:44:31.531Z] E0306 18:14:31.529489   40008 watch.go:116] watchAllDir unable to walk dir `c:\Users\gurun\Documents\gdg-vitb\dataconnect`: CreateFile c:\Users\gurun\Documents\gdg-vitb\dataconnect: The system cannot find the file specified.
E0306 18:14:31.529489   40008 watch.go:40] Failed to load config from "c:\\Users\\gurun\\Documents\\gdg-vitb\\dataconnect": could not find dataconnect.yaml in `c:\Users\gurun\Documents\gdg-vitb\dataconnect`
 {"metadata":{"emulator":{"name":"dataconnect"},"message":"E0306 18:14:31.529489   40008 watch.go:116] watchAllDir unable to walk dir `c:\\Users\\gurun\\Documents\\gdg-vitb\\dataconnect`: CreateFile c:\\Users\\gurun\\Documents\\gdg-vitb\\dataconnect: The system cannot find the file specified.\nE0306 18:14:31.529489   40008 watch.go:40] Failed to load config from \"c:\\\\Users\\\\gurun\\\\Documents\\\\gdg-vitb\\\\dataconnect\": could not find dataconnect.yaml in `c:\\Users\\gurun\\Documents\\gdg-vitb\\dataconnect`\n"}}
[debug] [2026-03-06T12:44:41.525Z] E0306 18:14:41.524850   40008 watch.go:40] Failed to load config from "c:\\Users\\gurun\\Documents\\gdg-vitb\\dataconnect": could not find dataconnect.yaml in `c:\Users\gurun\Documents\gdg-vitb\dataconnect`
 {"metadata":{"emulator":{"name":"dataconnect"},"message":"E0306 18:14:41.524850   40008 watch.go:40] Failed to load config from \"c:\\\\Users\\\\gurun\\\\Documents\\\\gdg-vitb\\\\dataconnect\": could not find dataconnect.yaml in `c:\\Users\\gurun\\Documents\\gdg-vitb\\dataconnect`\n"}}
[debug] [2026-03-06T12:44:51.523Z] E0306 18:14:51.523593   40008 watch.go:40] Failed to load config from "c:\\Users\\gurun\\Documents\\gdg-vitb\\dataconnect": could not find dataconnect.yaml in `c:\Users\gurun\Documents\gdg-vitb\dataconnect`
 {"metadata":{"emulator":{"name":"dataconnect"},"message":"E0306 18:14:51.523593   40008 watch.go:40] Failed to load config from \"c:\\\\Users\\\\gurun\\\\Documents\\\\gdg-vitb\\\\dataconnect\": could not find dataconnect.yaml in `c:\\Users\\gurun\\Documents\\gdg-vitb\\dataconnect`\n"}}
[debug] [2026-03-06T12:45:01.523Z] E0306 18:15:01.523615   40008 watch.go:40] Failed to load config from "c:\\Users\\gurun\\Documents\\gdg-vitb\\dataconnect": could not find dataconnect.yaml in `c:\Users\gurun\Documents\gdg-vitb\dataconnect`
 {"metadata":{"emulator":{"name":"dataconnect"},"message":"E0306 18:15:01.523615   40008 watch.go:40] Failed to load config from \"c:\\\\Users\\\\gurun\\\\Documents\\\\gdg-vitb\\\\dataconnect\": could not find dataconnect.yaml in `c:\\Users\\gurun\\Documents\\gdg-vitb\\dataconnect`\n"}}
[debug] [2026-03-06T12:45:11.523Z] E0306 18:15:11.523237   40008 watch.go:40] Failed to load config from "c:\\Users\\gurun\\Documents\\gdg-vitb\\dataconnect": could not find dataconnect.yaml in `c:\Users\gurun\Documents\gdg-vitb\dataconnect`
 {"metadata":{"emulator":{"name":"dataconnect"},"message":"E0306 18:15:11.523237   40008 watch.go:40] Failed to load config from \"c:\\\\Users\\\\gurun\\\\Documents\\\\gdg-vitb\\\\dataconnect\": could not find dataconnect.yaml in `c:\\Users\\gurun\\Documents\\gdg-vitb\\dataconnect`\n"}}
[debug] [2026-03-06T12:45:21.526Z] E0306 18:15:21.525693   40008 watch.go:40] Failed to load config from "c:\\Users\\gurun\\Documents\\gdg-vitb\\dataconnect": could not find dataconnect.yaml in `c:\Users\gurun\Documents\gdg-vitb\dataconnect`
 {"metadata":{"emulator":{"name":"dataconnect"},"message":"E0306 18:15:21.525693   40008 watch.go:40] Failed to load config from \"c:\\\\Users\\\\gurun\\\\Documents\\\\gdg-vitb\\\\dataconnect\": could not find dataconnect.yaml in `c:\\Users\\gurun\\Documents\\gdg-vitb\\dataconnect`\n"}}
[debug] [2026-03-06T12:45:31.523Z] E0306 18:15:31.523069   40008 watch.go:116] watchAllDir unable to walk dir `c:\Users\gurun\Documents\gdg-vitb\dataconnect`: CreateFile c:\Users\gurun\Documents\gdg-vitb\dataconnect: The system cannot find the file specified.
E0306 18:15:31.523606   40008 watch.go:40] Failed to load config from "c:\\Users\\gurun\\Documents\\gdg-vitb\\dataconnect": could not find dataconnect.yaml in `c:\Users\gurun\Documents\gdg-vitb\dataconnect`
 {"metadata":{"emulator":{"name":"dataconnect"},"message":"E0306 18:15:31.523069   40008 watch.go:116] watchAllDir unable to walk dir `c:\\Users\\gurun\\Documents\\gdg-vitb\\dataconnect`: CreateFile c:\\Users\\gurun\\Documents\\gdg-vitb\\dataconnect: The system cannot find the file specified.\nE0306 18:15:31.523606   40008 watch.go:40] Failed to load config from \"c:\\\\Users\\\\gurun\\\\Documents\\\\gdg-vitb\\\\dataconnect\": could not find dataconnect.yaml in `c:\\Users\\gurun\\Documents\\gdg-vitb\\dataconnect`\n"}}
[debug] [2026-03-06T12:45:41.524Z] E0306 18:15:41.523989   40008 watch.go:40] Failed to load config from "c:\\Users\\gurun\\Documents\\gdg-vitb\\dataconnect": could not find dataconnect.yaml in `c:\Users\gurun\Documents\gdg-vitb\dataconnect`
 {"metadata":{"emulator":{"name":"dataconnect"},"message":"E0306 18:15:41.523989   40008 watch.go:40] Failed to load config from \"c:\\\\Users\\\\gurun\\\\Documents\\\\gdg-vitb\\\\dataconnect\": could not find dataconnect.yaml in `c:\\Users\\gurun\\Documents\\gdg-vitb\\dataconnect`\n"}}
[debug] [2026-03-06T12:45:51.524Z] E0306 18:15:51.523176   40008 watch.go:40] Failed to load config from "c:\\Users\\gurun\\Documents\\gdg-vitb\\dataconnect": could not find dataconnect.yaml in `c:\Users\gurun\Documents\gdg-vitb\dataconnect`
 {"metadata":{"emulator":{"name":"dataconnect"},"message":"E0306 18:15:51.523176   40008 watch.go:40] Failed to load config from \"c:\\\\Users\\\\gurun\\\\Documents\\\\gdg-vitb\\\\dataconnect\": could not find dataconnect.yaml in `c:\\Users\\gurun\\Documents\\gdg-vitb\\dataconnect`\n"}}
[debug] [2026-03-06T12:46:01.524Z] E0306 18:16:01.523642   40008 watch.go:40] Failed to load config from "c:\\Users\\gurun\\Documents\\gdg-vitb\\dataconnect": could not find dataconnect.yaml in `c:\Users\gurun\Documents\gdg-vitb\dataconnect`
 {"metadata":{"emulator":{"name":"dataconnect"},"message":"E0306 18:16:01.523642   40008 watch.go:40] Failed to load config from \"c:\\\\Users\\\\gurun\\\\Documents\\\\gdg-vitb\\\\dataconnect\": could not find dataconnect.yaml in `c:\\Users\\gurun\\Documents\\gdg-vitb\\dataconnect`\n"}}
[debug] [2026-03-06T12:46:11.523Z] E0306 18:16:11.523263   40008 watch.go:40] Failed to load config from "c:\\Users\\gurun\\Documents\\gdg-vitb\\dataconnect": could not find dataconnect.yaml in `c:\Users\gurun\Documents\gdg-vitb\dataconnect`
 {"metadata":{"emulator":{"name":"dataconnect"},"message":"E0306 18:16:11.523263   40008 watch.go:40] Failed to load config from \"c:\\\\Users\\\\gurun\\\\Documents\\\\gdg-vitb\\\\dataconnect\": could not find dataconnect.yaml in `c:\\Users\\gurun\\Documents\\gdg-vitb\\dataconnect`\n"}}
[debug] [2026-03-06T12:46:21.523Z] E0306 18:16:21.522479   40008 watch.go:40] Failed to load config from "c:\\Users\\gurun\\Documents\\gdg-vitb\\dataconnect": could not find dataconnect.yaml in `c:\Users\gurun\Documents\gdg-vitb\dataconnect`
 {"metadata":{"emulator":{"name":"dataconnect"},"message":"E0306 18:16:21.522479   40008 watch.go:40] Failed to load config from \"c:\\\\Users\\\\gurun\\\\Documents\\\\gdg-vitb\\\\dataconnect\": could not find dataconnect.yaml in `c:\\Users\\gurun\\Documents\\gdg-vitb\\dataconnect`\n"}}
[debug] [2026-03-06T12:46:31.523Z] E0306 18:16:31.523220   40008 watch.go:116] watchAllDir unable to walk dir `c:\Users\gurun\Documents\gdg-vitb\dataconnect`: CreateFile c:\Users\gurun\Documents\gdg-vitb\dataconnect: The system cannot find the file specified.
 {"metadata":{"emulator":{"name":"dataconnect"},"message":"E0306 18:16:31.523220   40008 watch.go:116] watchAllDir unable to walk dir `c:\\Users\\gurun\\Documents\\gdg-vitb\\dataconnect`: CreateFile c:\\Users\\gurun\\Documents\\gdg-vitb\\dataconnect: The system cannot find the file specified.\n"}}
[debug] [2026-03-06T12:46:31.524Z] E0306 18:16:31.523220   40008 watch.go:40] Failed to load config from "c:\\Users\\gurun\\Documents\\gdg-vitb\\dataconnect": could not find dataconnect.yaml in `c:\Users\gurun\Documents\gdg-vitb\dataconnect`
 {"metadata":{"emulator":{"name":"dataconnect"},"message":"E0306 18:16:31.523220   40008 watch.go:40] Failed to load config from \"c:\\\\Users\\\\gurun\\\\Documents\\\\gdg-vitb\\\\dataconnect\": could not find dataconnect.yaml in `c:\\Users\\gurun\\Documents\\gdg-vitb\\dataconnect`\n"}}
[debug] [2026-03-06T12:46:41.526Z] E0306 18:16:41.524243   40008 watch.go:40] Failed to load config from "c:\\Users\\gurun\\Documents\\gdg-vitb\\dataconnect": could not find dataconnect.yaml in `c:\Users\gurun\Documents\gdg-vitb\dataconnect`
 {"metadata":{"emulator":{"name":"dataconnect"},"message":"E0306 18:16:41.524243   40008 watch.go:40] Failed to load config from \"c:\\\\Users\\\\gurun\\\\Documents\\\\gdg-vitb\\\\dataconnect\": could not find dataconnect.yaml in `c:\\Users\\gurun\\Documents\\gdg-vitb\\dataconnect`\n"}}
[debug] [2026-03-06T12:46:51.523Z] E0306 18:16:51.522801   40008 watch.go:40] Failed to load config from "c:\\Users\\gurun\\Documents\\gdg-vitb\\dataconnect": could not find dataconnect.yaml in `c:\Users\gurun\Documents\gdg-vitb\dataconnect`
 {"metadata":{"emulator":{"name":"dataconnect"},"message":"E0306 18:16:51.522801   40008 watch.go:40] Failed to load config from \"c:\\\\Users\\\\gurun\\\\Documents\\\\gdg-vitb\\\\dataconnect\": could not find dataconnect.yaml in `c:\\Users\\gurun\\Documents\\gdg-vitb\\dataconnect`\n"}}
[debug] [2026-03-06T12:47:01.523Z] E0306 18:17:01.522866   40008 watch.go:40] Failed to load config from "c:\\Users\\gurun\\Documents\\gdg-vitb\\dataconnect": could not find dataconnect.yaml in `c:\Users\gurun\Documents\gdg-vitb\dataconnect`
 {"metadata":{"emulator":{"name":"dataconnect"},"message":"E0306 18:17:01.522866   40008 watch.go:40] Failed to load config from \"c:\\\\Users\\\\gurun\\\\Documents\\\\gdg-vitb\\\\dataconnect\": could not find dataconnect.yaml in `c:\\Users\\gurun\\Documents\\gdg-vitb\\dataconnect`\n"}}
[debug] [2026-03-06T12:47:11.523Z] E0306 18:17:11.522732   40008 watch.go:40] Failed to load config from "c:\\Users\\gurun\\Documents\\gdg-vitb\\dataconnect": could not find dataconnect.yaml in `c:\Users\gurun\Documents\gdg-vitb\dataconnect`
 {"metadata":{"emulator":{"name":"dataconnect"},"message":"E0306 18:17:11.522732   40008 watch.go:40] Failed to load config from \"c:\\\\Users\\\\gurun\\\\Documents\\\\gdg-vitb\\\\dataconnect\": could not find dataconnect.yaml in `c:\\Users\\gurun\\Documents\\gdg-vitb\\dataconnect`\n"}}
[debug] [2026-03-06T12:47:21.523Z] E0306 18:17:21.522409   40008 watch.go:40] Failed to load config from "c:\\Users\\gurun\\Documents\\gdg-vitb\\dataconnect": could not find dataconnect.yaml in `c:\Users\gurun\Documents\gdg-vitb\dataconnect`
 {"metadata":{"emulator":{"name":"dataconnect"},"message":"E0306 18:17:21.522409   40008 watch.go:40] Failed to load config from \"c:\\\\Users\\\\gurun\\\\Documents\\\\gdg-vitb\\\\dataconnect\": could not find dataconnect.yaml in `c:\\Users\\gurun\\Documents\\gdg-vitb\\dataconnect`\n"}}
[debug] [2026-03-06T12:47:31.523Z] E0306 18:17:31.522679   40008 watch.go:116] watchAllDir unable to walk dir `c:\Users\gurun\Documents\gdg-vitb\dataconnect`: CreateFile c:\Users\gurun\Documents\gdg-vitb\dataconnect: The system cannot find the file specified.
 {"metadata":{"emulator":{"name":"dataconnect"},"message":"E0306 18:17:31.522679   40008 watch.go:116] watchAllDir unable to walk dir `c:\\Users\\gurun\\Documents\\gdg-vitb\\dataconnect`: CreateFile c:\\Users\\gurun\\Documents\\gdg-vitb\\dataconnect: The system cannot find the file specified.\n"}}
[debug] [2026-03-06T12:47:31.525Z] E0306 18:17:31.525686   40008 watch.go:40] Failed to load config from "c:\\Users\\gurun\\Documents\\gdg-vitb\\dataconnect": could not find dataconnect.yaml in `c:\Users\gurun\Documents\gdg-vitb\dataconnect`
 {"metadata":{"emulator":{"name":"dataconnect"},"message":"E0306 18:17:31.525686   40008 watch.go:40] Failed to load config from \"c:\\\\Users\\\\gurun\\\\Documents\\\\gdg-vitb\\\\dataconnect\": could not find dataconnect.yaml in `c:\\Users\\gurun\\Documents\\gdg-vitb\\dataconnect`\n"}}
[debug] [2026-03-06T12:47:41.530Z] E0306 18:17:41.530048   40008 watch.go:40] Failed to load config from "c:\\Users\\gurun\\Documents\\gdg-vitb\\dataconnect": could not find dataconnect.yaml in `c:\Users\gurun\Documents\gdg-vitb\dataconnect`
 {"metadata":{"emulator":{"name":"dataconnect"},"message":"E0306 18:17:41.530048   40008 watch.go:40] Failed to load config from \"c:\\\\Users\\\\gurun\\\\Documents\\\\gdg-vitb\\\\dataconnect\": could not find dataconnect.yaml in `c:\\Users\\gurun\\Documents\\gdg-vitb\\dataconnect`\n"}}
[debug] [2026-03-06T12:47:51.524Z] E0306 18:17:51.524063   40008 watch.go:40] Failed to load config from "c:\\Users\\gurun\\Documents\\gdg-vitb\\dataconnect": could not find dataconnect.yaml in `c:\Users\gurun\Documents\gdg-vitb\dataconnect`
 {"metadata":{"emulator":{"name":"dataconnect"},"message":"E0306 18:17:51.524063   40008 watch.go:40] Failed to load config from \"c:\\\\Users\\\\gurun\\\\Documents\\\\gdg-vitb\\\\dataconnect\": could not find dataconnect.yaml in `c:\\Users\\gurun\\Documents\\gdg-vitb\\dataconnect`\n"}}
[debug] [2026-03-06T12:48:01.523Z] E0306 18:18:01.523509   40008 watch.go:40] Failed to load config from "c:\\Users\\gurun\\Documents\\gdg-vitb\\dataconnect": could not find dataconnect.yaml in `c:\Users\gurun\Documents\gdg-vitb\dataconnect`
 {"metadata":{"emulator":{"name":"dataconnect"},"message":"E0306 18:18:01.523509   40008 watch.go:40] Failed to load config from \"c:\\\\Users\\\\gurun\\\\Documents\\\\gdg-vitb\\\\dataconnect\": could not find dataconnect.yaml in `c:\\Users\\gurun\\Documents\\gdg-vitb\\dataconnect`\n"}}
[debug] [2026-03-06T12:48:11.523Z] E0306 18:18:11.523662   40008 watch.go:40] Failed to load config from "c:\\Users\\gurun\\Documents\\gdg-vitb\\dataconnect": could not find dataconnect.yaml in `c:\Users\gurun\Documents\gdg-vitb\dataconnect`
 {"metadata":{"emulator":{"name":"dataconnect"},"message":"E0306 18:18:11.523662   40008 watch.go:40] Failed to load config from \"c:\\\\Users\\\\gurun\\\\Documents\\\\gdg-vitb\\\\dataconnect\": could not find dataconnect.yaml in `c:\\Users\\gurun\\Documents\\gdg-vitb\\dataconnect`\n"}}
[debug] [2026-03-06T12:48:21.523Z] E0306 18:18:21.522653   40008 watch.go:40] Failed to load config from "c:\\Users\\gurun\\Documents\\gdg-vitb\\dataconnect": could not find dataconnect.yaml in `c:\Users\gurun\Documents\gdg-vitb\dataconnect`
 {"metadata":{"emulator":{"name":"dataconnect"},"message":"E0306 18:18:21.522653   40008 watch.go:40] Failed to load config from \"c:\\\\Users\\\\gurun\\\\Documents\\\\gdg-vitb\\\\dataconnect\": could not find dataconnect.yaml in `c:\\Users\\gurun\\Documents\\gdg-vitb\\dataconnect`\n"}}
[debug] [2026-03-06T12:48:31.524Z] E0306 18:18:31.523101   40008 watch.go:40] Failed to load config from "c:\\Users\\gurun\\Documents\\gdg-vitb\\dataconnect": could not find dataconnect.yaml in `c:\Users\gurun\Documents\gdg-vitb\dataconnect`
 {"metadata":{"emulator":{"name":"dataconnect"},"message":"E0306 18:18:31.523101   40008 watch.go:40] Failed to load config from \"c:\\\\Users\\\\gurun\\\\Documents\\\\gdg-vitb\\\\dataconnect\": could not find dataconnect.yaml in `c:\\Users\\gurun\\Documents\\gdg-vitb\\dataconnect`\n"}}
[debug] [2026-03-06T12:48:31.525Z] E0306 18:18:31.522449   40008 watch.go:116] watchAllDir unable to walk dir `c:\Users\gurun\Documents\gdg-vitb\dataconnect`: CreateFile c:\Users\gurun\Documents\gdg-vitb\dataconnect: The system cannot find the file specified.
 {"metadata":{"emulator":{"name":"dataconnect"},"message":"E0306 18:18:31.522449   40008 watch.go:116] watchAllDir unable to walk dir `c:\\Users\\gurun\\Documents\\gdg-vitb\\dataconnect`: CreateFile c:\\Users\\gurun\\Documents\\gdg-vitb\\dataconnect: The system cannot find the file specified.\n"}}
[debug] [2026-03-06T12:48:41.523Z] E0306 18:18:41.523084   40008 watch.go:40] Failed to load config from "c:\\Users\\gurun\\Documents\\gdg-vitb\\dataconnect": could not find dataconnect.yaml in `c:\Users\gurun\Documents\gdg-vitb\dataconnect`
 {"metadata":{"emulator":{"name":"dataconnect"},"message":"E0306 18:18:41.523084   40008 watch.go:40] Failed to load config from \"c:\\\\Users\\\\gurun\\\\Documents\\\\gdg-vitb\\\\dataconnect\": could not find dataconnect.yaml in `c:\\Users\\gurun\\Documents\\gdg-vitb\\dataconnect`\n"}}
[debug] [2026-03-06T12:48:51.526Z] E0306 18:18:51.526148   40008 watch.go:40] Failed to load config from "c:\\Users\\gurun\\Documents\\gdg-vitb\\dataconnect": could not find dataconnect.yaml in `c:\Users\gurun\Documents\gdg-vitb\dataconnect`
 {"metadata":{"emulator":{"name":"dataconnect"},"message":"E0306 18:18:51.526148   40008 watch.go:40] Failed to load config from \"c:\\\\Users\\\\gurun\\\\Documents\\\\gdg-vitb\\\\dataconnect\": could not find dataconnect.yaml in `c:\\Users\\gurun\\Documents\\gdg-vitb\\dataconnect`\n"}}
[debug] [2026-03-06T12:49:01.523Z] E0306 18:19:01.523534   40008 watch.go:40] Failed to load config from "c:\\Users\\gurun\\Documents\\gdg-vitb\\dataconnect": could not find dataconnect.yaml in `c:\Users\gurun\Documents\gdg-vitb\dataconnect`
 {"metadata":{"emulator":{"name":"dataconnect"},"message":"E0306 18:19:01.523534   40008 watch.go:40] Failed to load config from \"c:\\\\Users\\\\gurun\\\\Documents\\\\gdg-vitb\\\\dataconnect\": could not find dataconnect.yaml in `c:\\Users\\gurun\\Documents\\gdg-vitb\\dataconnect`\n"}}
